[0.118s] DEBUG:colcon:Command line arguments: ['/usr/bin/colcon', 'build', '--symlink-install']
[0.118s] DEBUG:colcon:Parsed command line arguments: Namespace(log_base=None, log_level=None, verb_name='build', build_base='build', install_base='install', merge_install=False, symlink_install=True, test_result_base=None, continue_on_error=False, executor='parallel', parallel_workers=4, event_handlers=None, ignore_user_meta=False, metas=['./colcon.meta'], base_paths=['.'], packages_ignore=None, packages_ignore_regex=None, paths=None, packages_up_to=None, packages_up_to_regex=None, packages_above=None, packages_above_and_dependencies=None, packages_above_depth=None, packages_select_by_dep=None, packages_skip_by_dep=None, packages_skip_up_to=None, packages_select_build_failed=False, packages_skip_build_finished=False, packages_select_test_failures=False, packages_skip_test_passed=False, packages_select=None, packages_skip=None, packages_select_regex=None, packages_skip_regex=None, packages_start=None, packages_end=None, allow_overriding=[], cmake_args=None, cmake_target=None, cmake_target_skip_unavailable=False, cmake_clean_cache=False, cmake_clean_first=False, cmake_force_configure=False, ament_cmake_args=None, catkin_cmake_args=None, catkin_skip_building_tests=False, mixin_files=None, mixin=None, verb_parser=<colcon_mixin.mixin.mixin_argument.MixinArgumentDecorator object at 0x74f6ce283860>, verb_extension=<colcon_core.verb.build.BuildVerb object at 0x74f6cfb96540>, main=<bound method BuildVerb.main of <colcon_core.verb.build.BuildVerb object at 0x74f6cfb96540>>, mixin_verb=('build',))
[0.160s] Level 1:colcon.colcon_core.package_discovery:discover_packages(colcon_meta) check parameters
[0.161s] Level 1:colcon.colcon_core.package_discovery:discover_packages(recursive) check parameters
[0.161s] Level 1:colcon.colcon_core.package_discovery:discover_packages(ignore) check parameters
[0.161s] Level 1:colcon.colcon_core.package_discovery:discover_packages(path) check parameters
[0.161s] Level 1:colcon.colcon_core.package_discovery:discover_packages(colcon_meta) discover
[0.161s] Level 1:colcon.colcon_core.package_discovery:discover_packages(recursive) discover
[0.161s] INFO:colcon.colcon_core.package_discovery:Crawling recursively for packages in '/home/young/ros2_ws'
[0.161s] Level 1:colcon.colcon_core.package_identification:_identify(.) by extensions ['ignore', 'ignore_ament_install']
[0.161s] Level 1:colcon.colcon_core.package_identification:_identify(.) by extension 'ignore'
[0.161s] Level 1:colcon.colcon_core.package_identification:_identify(.) by extension 'ignore_ament_install'
[0.161s] Level 1:colcon.colcon_core.package_identification:_identify(.) by extensions ['colcon_pkg']
[0.161s] Level 1:colcon.colcon_core.package_identification:_identify(.) by extension 'colcon_pkg'
[0.161s] Level 1:colcon.colcon_core.package_identification:_identify(.) by extensions ['colcon_meta']
[0.161s] Level 1:colcon.colcon_core.package_identification:_identify(.) by extension 'colcon_meta'
[0.161s] Level 1:colcon.colcon_core.package_identification:_identify(.) by extensions ['ros']
[0.161s] Level 1:colcon.colcon_core.package_identification:_identify(.) by extension 'ros'
[0.190s] Level 1:colcon.colcon_core.package_identification:_identify(.) by extensions ['cmake', 'python']
[0.190s] Level 1:colcon.colcon_core.package_identification:_identify(.) by extension 'cmake'
[0.190s] Level 1:colcon.colcon_core.package_identification:_identify(.) by extension 'python'
[0.190s] Level 1:colcon.colcon_core.package_identification:_identify(.) by extensions ['python_setup_py']
[0.190s] Level 1:colcon.colcon_core.package_identification:_identify(.) by extension 'python_setup_py'
[0.191s] Level 1:colcon.colcon_core.package_identification:_identify(build) by extensions ['ignore', 'ignore_ament_install']
[0.191s] Level 1:colcon.colcon_core.package_identification:_identify(build) by extension 'ignore'
[0.191s] Level 1:colcon.colcon_core.package_identification:_identify(build) ignored
[0.191s] Level 1:colcon.colcon_core.package_identification:_identify(install) by extensions ['ignore', 'ignore_ament_install']
[0.191s] Level 1:colcon.colcon_core.package_identification:_identify(install) by extension 'ignore'
[0.191s] Level 1:colcon.colcon_core.package_identification:_identify(install) ignored
[0.191s] Level 1:colcon.colcon_core.package_identification:_identify(log) by extensions ['ignore', 'ignore_ament_install']
[0.191s] Level 1:colcon.colcon_core.package_identification:_identify(log) by extension 'ignore'
[0.191s] Level 1:colcon.colcon_core.package_identification:_identify(log) ignored
[0.191s] Level 1:colcon.colcon_core.package_identification:_identify(src) by extensions ['ignore', 'ignore_ament_install']
[0.191s] Level 1:colcon.colcon_core.package_identification:_identify(src) by extension 'ignore'
[0.191s] Level 1:colcon.colcon_core.package_identification:_identify(src) by extension 'ignore_ament_install'
[0.191s] Level 1:colcon.colcon_core.package_identification:_identify(src) by extensions ['colcon_pkg']
[0.191s] Level 1:colcon.colcon_core.package_identification:_identify(src) by extension 'colcon_pkg'
[0.192s] Level 1:colcon.colcon_core.package_identification:_identify(src) by extensions ['colcon_meta']
[0.192s] Level 1:colcon.colcon_core.package_identification:_identify(src) by extension 'colcon_meta'
[0.192s] Level 1:colcon.colcon_core.package_identification:_identify(src) by extensions ['ros']
[0.192s] Level 1:colcon.colcon_core.package_identification:_identify(src) by extension 'ros'
[0.192s] Level 1:colcon.colcon_core.package_identification:_identify(src) by extensions ['cmake', 'python']
[0.192s] Level 1:colcon.colcon_core.package_identification:_identify(src) by extension 'cmake'
[0.192s] Level 1:colcon.colcon_core.package_identification:_identify(src) by extension 'python'
[0.192s] Level 1:colcon.colcon_core.package_identification:_identify(src) by extensions ['python_setup_py']
[0.192s] Level 1:colcon.colcon_core.package_identification:_identify(src) by extension 'python_setup_py'
[0.192s] Level 1:colcon.colcon_core.package_identification:_identify(src/rplidar_ros) by extensions ['ignore', 'ignore_ament_install']
[0.192s] Level 1:colcon.colcon_core.package_identification:_identify(src/rplidar_ros) by extension 'ignore'
[0.192s] Level 1:colcon.colcon_core.package_identification:_identify(src/rplidar_ros) by extension 'ignore_ament_install'
[0.192s] Level 1:colcon.colcon_core.package_identification:_identify(src/rplidar_ros) by extensions ['colcon_pkg']
[0.192s] Level 1:colcon.colcon_core.package_identification:_identify(src/rplidar_ros) by extension 'colcon_pkg'
[0.192s] Level 1:colcon.colcon_core.package_identification:_identify(src/rplidar_ros) by extensions ['colcon_meta']
[0.192s] Level 1:colcon.colcon_core.package_identification:_identify(src/rplidar_ros) by extension 'colcon_meta'
[0.192s] Level 1:colcon.colcon_core.package_identification:_identify(src/rplidar_ros) by extensions ['ros']
[0.192s] Level 1:colcon.colcon_core.package_identification:_identify(src/rplidar_ros) by extension 'ros'
[0.195s] DEBUG:colcon.colcon_core.package_identification:Package 'src/rplidar_ros' with type 'ros.ament_cmake' and name 'rplidar_ros'
[0.195s] Level 1:colcon.colcon_core.package_discovery:discover_packages(recursive) using defaults
[0.195s] Level 1:colcon.colcon_core.package_discovery:discover_packages(ignore) discover
[0.195s] Level 1:colcon.colcon_core.package_discovery:discover_packages(ignore) using defaults
[0.195s] Level 1:colcon.colcon_core.package_discovery:discover_packages(path) discover
[0.195s] Level 1:colcon.colcon_core.package_discovery:discover_packages(path) using defaults
[0.213s] Level 1:colcon.colcon_core.package_discovery:discover_packages(prefix_path) check parameters
[0.213s] Level 1:colcon.colcon_core.package_discovery:discover_packages(prefix_path) discover
[0.216s] DEBUG:colcon.colcon_installed_package_information.package_discovery:Found 289 installed packages in /opt/ros/kilted
[0.217s] Level 1:colcon.colcon_core.package_discovery:discover_packages(prefix_path) using defaults
[0.264s] Level 5:colcon.colcon_core.verb:set package 'rplidar_ros' build argument 'cmake_args' from command line to 'None'
[0.265s] Level 5:colcon.colcon_core.verb:set package 'rplidar_ros' build argument 'cmake_target' from command line to 'None'
[0.265s] Level 5:colcon.colcon_core.verb:set package 'rplidar_ros' build argument 'cmake_target_skip_unavailable' from command line to 'False'
[0.265s] Level 5:colcon.colcon_core.verb:set package 'rplidar_ros' build argument 'cmake_clean_cache' from command line to 'False'
[0.265s] Level 5:colcon.colcon_core.verb:set package 'rplidar_ros' build argument 'cmake_clean_first' from command line to 'False'
[0.265s] Level 5:colcon.colcon_core.verb:set package 'rplidar_ros' build argument 'cmake_force_configure' from command line to 'False'
[0.265s] Level 5:colcon.colcon_core.verb:set package 'rplidar_ros' build argument 'ament_cmake_args' from command line to 'None'
[0.265s] Level 5:colcon.colcon_core.verb:set package 'rplidar_ros' build argument 'catkin_cmake_args' from command line to 'None'
[0.265s] Level 5:colcon.colcon_core.verb:set package 'rplidar_ros' build argument 'catkin_skip_building_tests' from command line to 'False'
[0.265s] DEBUG:colcon.colcon_core.verb:Building package 'rplidar_ros' with the following arguments: {'ament_cmake_args': None, 'build_base': '/home/young/ros2_ws/build/rplidar_ros', 'catkin_cmake_args': None, 'catkin_skip_building_tests': False, 'cmake_args': None, 'cmake_clean_cache': False, 'cmake_clean_first': False, 'cmake_force_configure': False, 'cmake_target': None, 'cmake_target_skip_unavailable': False, 'install_base': '/home/young/ros2_ws/install/rplidar_ros', 'merge_install': False, 'path': '/home/young/ros2_ws/src/rplidar_ros', 'symlink_install': True, 'test_result_base': None}
[0.265s] INFO:colcon.colcon_core.executor:Executing jobs using 'parallel' executor
[0.266s] DEBUG:colcon.colcon_parallel_executor.executor.parallel:run_until_complete
[0.267s] INFO:colcon.colcon_ros.task.ament_cmake.build:Building ROS package in '/home/young/ros2_ws/src/rplidar_ros' with build type 'ament_cmake'
[0.267s] INFO:colcon.colcon_cmake.task.cmake.build:Building CMake package in '/home/young/ros2_ws/src/rplidar_ros'
[0.269s] INFO:colcon.colcon_core.plugin_system:Skipping extension 'colcon_core.shell.bat': Not used on non-Windows systems
[0.269s] INFO:colcon.colcon_core.shell:Skip shell extension 'powershell' for command environment: Not usable outside of PowerShell
[0.270s] DEBUG:colcon.colcon_core.shell:Skip shell extension 'dsv' for command environment
[0.277s] DEBUG:colcon.colcon_core.event_handler.log_command:Invoking command in '/home/young/ros2_ws/build/rplidar_ros': CMAKE_PREFIX_PATH=${CMAKE_PREFIX_PATH}:/opt/ros/kilted DEBUGINFOD_URLS=https://debuginfod.ubuntu.com /usr/bin/cmake /home/young/ros2_ws/src/rplidar_ros -DAMENT_CMAKE_SYMLINK_INSTALL=1 -DCMAKE_INSTALL_PREFIX=/home/young/ros2_ws/install/rplidar_ros
[1.588s] DEBUG:colcon.colcon_core.event_handler.log_command:Invoked command in '/home/young/ros2_ws/build/rplidar_ros' returned '0': CMAKE_PREFIX_PATH=${CMAKE_PREFIX_PATH}:/opt/ros/kilted DEBUGINFOD_URLS=https://debuginfod.ubuntu.com /usr/bin/cmake /home/young/ros2_ws/src/rplidar_ros -DAMENT_CMAKE_SYMLINK_INSTALL=1 -DCMAKE_INSTALL_PREFIX=/home/young/ros2_ws/install/rplidar_ros
[1.589s] DEBUG:colcon.colcon_core.event_handler.log_command:Invoking command in '/home/young/ros2_ws/build/rplidar_ros': CMAKE_PREFIX_PATH=${CMAKE_PREFIX_PATH}:/opt/ros/kilted DEBUGINFOD_URLS=https://debuginfod.ubuntu.com /usr/bin/cmake --build /home/young/ros2_ws/build/rplidar_ros -- -j4 -l4
[15.481s] DEBUG:colcon.colcon_core.event_handler.log_command:Invoked command in '/home/young/ros2_ws/build/rplidar_ros' returned '0': CMAKE_PREFIX_PATH=${CMAKE_PREFIX_PATH}:/opt/ros/kilted DEBUGINFOD_URLS=https://debuginfod.ubuntu.com /usr/bin/cmake --build /home/young/ros2_ws/build/rplidar_ros -- -j4 -l4
[15.491s] DEBUG:colcon.colcon_core.event_handler.log_command:Invoking command in '/home/young/ros2_ws/build/rplidar_ros': CMAKE_PREFIX_PATH=${CMAKE_PREFIX_PATH}:/opt/ros/kilted DEBUGINFOD_URLS=https://debuginfod.ubuntu.com /usr/bin/cmake --install /home/young/ros2_ws/build/rplidar_ros
[15.916s] Level 1:colcon.colcon_core.environment:create_environment_scripts_only(rplidar_ros)
[15.917s] DEBUG:colcon.colcon_core.event_handler.log_command:Invoked command in '/home/young/ros2_ws/build/rplidar_ros' returned '0': CMAKE_PREFIX_PATH=${CMAKE_PREFIX_PATH}:/opt/ros/kilted DEBUGINFOD_URLS=https://debuginfod.ubuntu.com /usr/bin/cmake --install /home/young/ros2_ws/build/rplidar_ros
[15.919s] Level 1:colcon.colcon_core.environment:checking '/home/young/ros2_ws/install/rplidar_ros' for CMake module files
[15.920s] Level 1:colcon.colcon_core.environment:checking '/home/young/ros2_ws/install/rplidar_ros' for CMake config files
[15.920s] Level 1:colcon.colcon_core.shell:create_environment_hook('rplidar_ros', 'cmake_prefix_path')
[15.920s] INFO:colcon.colcon_core.shell:Creating environment hook '/home/young/ros2_ws/install/rplidar_ros/share/rplidar_ros/hook/cmake_prefix_path.ps1'
[15.921s] INFO:colcon.colcon_core.shell:Creating environment descriptor '/home/young/ros2_ws/install/rplidar_ros/share/rplidar_ros/hook/cmake_prefix_path.dsv'
[15.921s] INFO:colcon.colcon_core.shell:Creating environment hook '/home/young/ros2_ws/install/rplidar_ros/share/rplidar_ros/hook/cmake_prefix_path.sh'
[15.922s] Level 1:colcon.colcon_core.environment:checking '/home/young/ros2_ws/install/rplidar_ros/lib'
[15.922s] Level 1:colcon.colcon_core.environment:checking '/home/young/ros2_ws/install/rplidar_ros/bin'
[15.922s] Level 1:colcon.colcon_core.environment:checking '/home/young/ros2_ws/install/rplidar_ros/lib/pkgconfig/rplidar_ros.pc'
[15.922s] Level 1:colcon.colcon_core.environment:checking '/home/young/ros2_ws/install/rplidar_ros/lib/python3.12/site-packages'
[15.923s] Level 1:colcon.colcon_core.environment:checking '/home/young/ros2_ws/install/rplidar_ros/bin'
[15.923s] INFO:colcon.colcon_core.shell:Creating package script '/home/young/ros2_ws/install/rplidar_ros/share/rplidar_ros/package.ps1'
[15.923s] INFO:colcon.colcon_core.shell:Creating package descriptor '/home/young/ros2_ws/install/rplidar_ros/share/rplidar_ros/package.dsv'
[15.924s] INFO:colcon.colcon_core.shell:Creating package script '/home/young/ros2_ws/install/rplidar_ros/share/rplidar_ros/package.sh'
[15.924s] INFO:colcon.colcon_core.shell:Creating package script '/home/young/ros2_ws/install/rplidar_ros/share/rplidar_ros/package.bash'
[15.925s] INFO:colcon.colcon_core.shell:Creating package script '/home/young/ros2_ws/install/rplidar_ros/share/rplidar_ros/package.zsh'
[15.925s] Level 1:colcon.colcon_core.environment:create_file_with_runtime_dependencies(/home/young/ros2_ws/install/rplidar_ros/share/colcon-core/packages/rplidar_ros)
[15.926s] Level 1:colcon.colcon_core.environment:create_environment_scripts_only(rplidar_ros)
[15.926s] Level 1:colcon.colcon_core.environment:checking '/home/young/ros2_ws/install/rplidar_ros' for CMake module files
[15.926s] Level 1:colcon.colcon_core.environment:checking '/home/young/ros2_ws/install/rplidar_ros' for CMake config files
[15.927s] Level 1:colcon.colcon_core.shell:create_environment_hook('rplidar_ros', 'cmake_prefix_path')
[15.927s] INFO:colcon.colcon_core.shell:Creating environment hook '/home/young/ros2_ws/install/rplidar_ros/share/rplidar_ros/hook/cmake_prefix_path.ps1'
[15.927s] INFO:colcon.colcon_core.shell:Creating environment descriptor '/home/young/ros2_ws/install/rplidar_ros/share/rplidar_ros/hook/cmake_prefix_path.dsv'
[15.928s] INFO:colcon.colcon_core.shell:Creating environment hook '/home/young/ros2_ws/install/rplidar_ros/share/rplidar_ros/hook/cmake_prefix_path.sh'
[15.928s] Level 1:colcon.colcon_core.environment:checking '/home/young/ros2_ws/install/rplidar_ros/lib'
[15.928s] Level 1:colcon.colcon_core.environment:checking '/home/young/ros2_ws/install/rplidar_ros/bin'
[15.928s] Level 1:colcon.colcon_core.environment:checking '/home/young/ros2_ws/install/rplidar_ros/lib/pkgconfig/rplidar_ros.pc'
[15.929s] Level 1:colcon.colcon_core.environment:checking '/home/young/ros2_ws/install/rplidar_ros/lib/python3.12/site-packages'
[15.929s] Level 1:colcon.colcon_core.environment:checking '/home/young/ros2_ws/install/rplidar_ros/bin'
[15.929s] INFO:colcon.colcon_core.shell:Creating package script '/home/young/ros2_ws/install/rplidar_ros/share/rplidar_ros/package.ps1'
[15.930s] INFO:colcon.colcon_core.shell:Creating package descriptor '/home/young/ros2_ws/install/rplidar_ros/share/rplidar_ros/package.dsv'
[15.930s] INFO:colcon.colcon_core.shell:Creating package script '/home/young/ros2_ws/install/rplidar_ros/share/rplidar_ros/package.sh'
[15.930s] INFO:colcon.colcon_core.shell:Creating package script '/home/young/ros2_ws/install/rplidar_ros/share/rplidar_ros/package.bash'
[15.931s] INFO:colcon.colcon_core.shell:Creating package script '/home/young/ros2_ws/install/rplidar_ros/share/rplidar_ros/package.zsh'
[15.931s] Level 1:colcon.colcon_core.environment:create_file_with_runtime_dependencies(/home/young/ros2_ws/install/rplidar_ros/share/colcon-core/packages/rplidar_ros)
[15.931s] DEBUG:colcon.colcon_parallel_executor.executor.parallel:closing loop
[15.932s] DEBUG:colcon.colcon_parallel_executor.executor.parallel:loop closed
[15.932s] DEBUG:colcon.colcon_parallel_executor.executor.parallel:run_until_complete finished with '0'
[15.932s] DEBUG:colcon.colcon_core.event_reactor:joining thread
[15.947s] INFO:colcon.colcon_core.plugin_system:Skipping extension 'colcon_notification.desktop_notification.terminal_notifier': Not used on non-Darwin systems
[15.947s] INFO:colcon.colcon_core.plugin_system:Skipping extension 'colcon_notification.desktop_notification.win32': Not used on non-Windows systems
[15.947s] INFO:colcon.colcon_notification.desktop_notification:Sending desktop notification using 'notify2'
[15.963s] DEBUG:colcon.colcon_core.event_reactor:joined thread
[15.964s] INFO:colcon.colcon_core.shell:Creating prefix script '/home/young/ros2_ws/install/local_setup.ps1'
[15.965s] INFO:colcon.colcon_core.shell:Creating prefix util module '/home/young/ros2_ws/install/_local_setup_util_ps1.py'
[15.966s] INFO:colcon.colcon_core.shell:Creating prefix chain script '/home/young/ros2_ws/install/setup.ps1'
[15.966s] INFO:colcon.colcon_core.shell:Creating prefix script '/home/young/ros2_ws/install/local_setup.sh'
[15.967s] INFO:colcon.colcon_core.shell:Creating prefix util module '/home/young/ros2_ws/install/_local_setup_util_sh.py'
[15.967s] INFO:colcon.colcon_core.shell:Creating prefix chain script '/home/young/ros2_ws/install/setup.sh'
[15.968s] INFO:colcon.colcon_core.shell:Creating prefix script '/home/young/ros2_ws/install/local_setup.bash'
[15.968s] INFO:colcon.colcon_core.shell:Creating prefix chain script '/home/young/ros2_ws/install/setup.bash'
[15.969s] INFO:colcon.colcon_core.shell:Creating prefix script '/home/young/ros2_ws/install/local_setup.zsh'
[15.969s] INFO:colcon.colcon_core.shell:Creating prefix chain script '/home/young/ros2_ws/install/setup.zsh'
