[0.025s] Invoking command in '/home/young/ros2_ws/build/rplidar_ros': CMAKE_PREFIX_PATH=${CMAKE_PREFIX_PATH}:/opt/ros/kilted DEBUGINFOD_URLS=https://debuginfod.ubuntu.com /usr/bin/cmake --build /home/young/ros2_ws/build/rplidar_ros -- -j4 -l4
[0.142s] [ 47%] Built target rplidar_node
[0.212s] [ 52%] Built target rplidar_client
[0.290s] [100%] Built target rplidar_composition
[0.360s] Invoked command in '/home/young/ros2_ws/build/rplidar_ros' returned '0': CMAKE_PREFIX_PATH=${CMAKE_PREFIX_PATH}:/opt/ros/kilted DEBUGINFOD_URLS=https://debuginfod.ubuntu.com /usr/bin/cmake --build /home/young/ros2_ws/build/rplidar_ros -- -j4 -l4
[0.377s] Invoking command in '/home/young/ros2_ws/build/rplidar_ros': CMAKE_PREFIX_PATH=${CMAKE_PREFIX_PATH}:/opt/ros/kilted DEBUGINFOD_URLS=https://debuginfod.ubuntu.com /usr/bin/cmake --install /home/young/ros2_ws/build/rplidar_ros
[0.398s] -- Install configuration: ""
[0.398s] -- Execute custom install script
[0.398s] -- Up-to-date symlink: /home/young/ros2_ws/install/rplidar_ros/share/rplidar_ros/launch/rplidar_a1_launch.py
[0.398s] -- Up-to-date symlink: /home/young/ros2_ws/install/rplidar_ros/share/rplidar_ros/launch/rplidar_a2m12_launch.py
[0.398s] -- Up-to-date symlink: /home/young/ros2_ws/install/rplidar_ros/share/rplidar_ros/launch/rplidar_a2m7_launch.py
[0.399s] -- Up-to-date symlink: /home/young/ros2_ws/install/rplidar_ros/share/rplidar_ros/launch/rplidar_a2m8_launch.py
[0.399s] -- Up-to-date symlink: /home/young/ros2_ws/install/rplidar_ros/share/rplidar_ros/launch/rplidar_a3_launch.py
[0.399s] -- Up-to-date symlink: /home/young/ros2_ws/install/rplidar_ros/share/rplidar_ros/launch/rplidar_c1_launch.py
[0.399s] -- Up-to-date symlink: /home/young/ros2_ws/install/rplidar_ros/share/rplidar_ros/launch/rplidar_s1_launch.py
[0.399s] -- Up-to-date symlink: /home/young/ros2_ws/install/rplidar_ros/share/rplidar_ros/launch/rplidar_s1_tcp_launch.py
[0.411s] -- Up-to-date symlink: /home/young/ros2_ws/install/rplidar_ros/share/rplidar_ros/launch/rplidar_s2_launch.py
[0.412s] -- Up-to-date symlink: /home/young/ros2_ws/install/rplidar_ros/share/rplidar_ros/launch/rplidar_s2e_launch.py
[0.412s] -- Up-to-date symlink: /home/young/ros2_ws/install/rplidar_ros/share/rplidar_ros/launch/rplidar_s3_launch.py
[0.412s] -- Up-to-date symlink: /home/young/ros2_ws/install/rplidar_ros/share/rplidar_ros/launch/rplidar_t1_launch.py
[0.412s] -- Up-to-date symlink: /home/young/ros2_ws/install/rplidar_ros/share/rplidar_ros/launch/view_rplidar_a1_launch.py
[0.412s] -- Up-to-date symlink: /home/young/ros2_ws/install/rplidar_ros/share/rplidar_ros/launch/view_rplidar_a2m12_launch.py
[0.412s] -- Up-to-date symlink: /home/young/ros2_ws/install/rplidar_ros/share/rplidar_ros/launch/view_rplidar_a2m7_launch.py
[0.412s] -- Up-to-date symlink: /home/young/ros2_ws/install/rplidar_ros/share/rplidar_ros/launch/view_rplidar_a2m8_launch.py
[0.412s] -- Up-to-date symlink: /home/young/ros2_ws/install/rplidar_ros/share/rplidar_ros/launch/view_rplidar_a3_launch.py
[0.413s] -- Up-to-date symlink: /home/young/ros2_ws/install/rplidar_ros/share/rplidar_ros/launch/view_rplidar_c1_launch.py
[0.413s] -- Up-to-date symlink: /home/young/ros2_ws/install/rplidar_ros/share/rplidar_ros/launch/view_rplidar_s1_launch.py
[0.413s] -- Up-to-date symlink: /home/young/ros2_ws/install/rplidar_ros/share/rplidar_ros/launch/view_rplidar_s1_tcp_launch.py
[0.413s] -- Up-to-date symlink: /home/young/ros2_ws/install/rplidar_ros/share/rplidar_ros/launch/view_rplidar_s2_launch.py
[0.413s] -- Up-to-date symlink: /home/young/ros2_ws/install/rplidar_ros/share/rplidar_ros/launch/view_rplidar_s2e_launch.py
[0.413s] -- Up-to-date symlink: /home/young/ros2_ws/install/rplidar_ros/share/rplidar_ros/launch/view_rplidar_s3_launch.py
[0.413s] -- Up-to-date symlink: /home/young/ros2_ws/install/rplidar_ros/share/rplidar_ros/launch/view_rplidar_t1_launch.py
[0.413s] -- Up-to-date symlink: /home/young/ros2_ws/install/rplidar_ros/share/rplidar_ros/rviz/rplidar_ros.rviz
[0.413s] -- Up-to-date symlink: /home/young/ros2_ws/install/rplidar_ros/lib/rplidar_ros/rplidar_node
[0.413s] -- Up-to-date symlink: /home/young/ros2_ws/install/rplidar_ros/lib/rplidar_ros/rplidar_composition
[0.414s] -- Up-to-date symlink: /home/young/ros2_ws/install/rplidar_ros/lib/rplidar_ros/rplidar_client
[0.422s] -- Up-to-date symlink: /home/young/ros2_ws/install/rplidar_ros/share/ament_index/resource_index/package_run_dependencies/rplidar_ros
[0.422s] -- Up-to-date symlink: /home/young/ros2_ws/install/rplidar_ros/share/ament_index/resource_index/parent_prefix_path/rplidar_ros
[0.422s] -- Up-to-date symlink: /home/young/ros2_ws/install/rplidar_ros/share/rplidar_ros/environment/ament_prefix_path.sh
[0.422s] -- Up-to-date symlink: /home/young/ros2_ws/install/rplidar_ros/share/rplidar_ros/environment/ament_prefix_path.dsv
[0.422s] -- Up-to-date symlink: /home/young/ros2_ws/install/rplidar_ros/share/rplidar_ros/environment/path.sh
[0.422s] -- Up-to-date symlink: /home/young/ros2_ws/install/rplidar_ros/share/rplidar_ros/environment/path.dsv
[0.422s] -- Up-to-date symlink: /home/young/ros2_ws/install/rplidar_ros/share/rplidar_ros/local_setup.bash
[0.422s] -- Up-to-date symlink: /home/young/ros2_ws/install/rplidar_ros/share/rplidar_ros/local_setup.sh
[0.422s] -- Up-to-date symlink: /home/young/ros2_ws/install/rplidar_ros/share/rplidar_ros/local_setup.zsh
[0.423s] -- Up-to-date symlink: /home/young/ros2_ws/install/rplidar_ros/share/rplidar_ros/local_setup.dsv
[0.423s] -- Symlinking: /home/young/ros2_ws/install/rplidar_ros/share/rplidar_ros/package.dsv
[0.449s] -- Up-to-date symlink: /home/young/ros2_ws/install/rplidar_ros/share/ament_index/resource_index/packages/rplidar_ros
[0.449s] -- Up-to-date symlink: /home/young/ros2_ws/install/rplidar_ros/share/rplidar_ros/cmake/ament_cmake_export_dependencies-extras.cmake
[0.449s] -- Up-to-date symlink: /home/young/ros2_ws/install/rplidar_ros/share/rplidar_ros/cmake/ament_cmake_export_include_directories-extras.cmake
[0.454s] -- Up-to-date symlink: /home/young/ros2_ws/install/rplidar_ros/share/rplidar_ros/cmake/rplidar_rosConfig.cmake
[0.454s] -- Up-to-date symlink: /home/young/ros2_ws/install/rplidar_ros/share/rplidar_ros/cmake/rplidar_rosConfig-version.cmake
[0.464s] -- Up-to-date symlink: /home/young/ros2_ws/install/rplidar_ros/share/rplidar_ros/package.xml
[0.469s] Invoked command in '/home/young/ros2_ws/build/rplidar_ros' returned '0': CMAKE_PREFIX_PATH=${CMAKE_PREFIX_PATH}:/opt/ros/kilted DEBUGINFOD_URLS=https://debuginfod.ubuntu.com /usr/bin/cmake --install /home/young/ros2_ws/build/rplidar_ros
