[0.029s] Invoking command in '/home/young/ros2_ws/build/stm32_udp': CMAKE_PREFIX_PATH=${CMAKE_PREFIX_PATH}:/opt/ros/kilted DEBUGINFOD_URLS=https://debuginfod.ubuntu.com /usr/bin/cmake --build /home/young/ros2_ws/build/stm32_udp -- -j4 -l4
[0.228s] [ 50%] [32mBuilding CXX object CMakeFiles/stm32_udp_odom.dir/src/stm32_udp_odom.cpp.o[0m
[11.549s] In file included from [01m[K/opt/ros/kilted/include/rclcpp/rclcpp/logging.hpp:24[m[K,
[11.549s]                  from [01m[K/opt/ros/kilted/include/rclcpp/rclcpp/copy_all_parameter_values.hpp:27[m[K,
[11.550s]                  from [01m[K/opt/ros/kilted/include/rclcpp/rclcpp/rclcpp.hpp:171[m[K,
[11.550s]                  from [01m[K/home/young/ros2_ws/src/stm32_udp/src/stm32_udp_odom.cpp:1[m[K:
[11.550s] [01m[K/home/young/ros2_ws/src/stm32_udp/src/stm32_udp_odom.cpp:[m[K In member function ‘[01m[Kvoid UdpOdomNode::[01;32m[Krecv_loop[m[K()[m[K’:
[11.554s] [01m[K/home/young/ros2_ws/src/stm32_udp/src/stm32_udp_odom.cpp:80:41:[m[K [01;35m[Kwarning: [m[Kformat ‘[01m[K%u[m[K’ expects argument of type ‘[01m[Kunsigned int[m[K’, but argument 8 has type ‘[01m[Kdouble[m[K’ [[01;35m[K]8;;https://gcc.gnu.org/onlinedocs/gcc/Warning-Options.html#index-Wformat=-Wformat=]8;;[m[K]
[11.554s]    80 |         RCLCPP_INFO(this->get_logger(), [01;35m[K"angle: %f\nx: %f\ny: %f\nspeed: %u"[m[K, angle, x, y, [32m[Kspeed[m[K);
[11.555s]       |                                         [01;35m[K^~~~~~~~~~~~~~~~~~~~~~~~~~~~~~~~~~~~[m[K               [32m[K~~~~~[m[K
[11.555s]       |                                                                                            [32m[K|[m[K
[11.555s]       |                                                                                            [32m[Kdouble[m[K
[11.561s] [01m[K/home/young/ros2_ws/src/stm32_udp/src/stm32_udp_odom.cpp:80:75:[m[K [01;36m[Knote: [m[Kformat string is defined here
[11.561s]    80 |         RCLCPP_INFO(this->get_logger(), "angle: %f\nx: %f\ny: %f\nspeed: [01;36m[K%u[m[K", angle, x, y, speed);
[11.561s]       |                                                                          [01;36m[K~^[m[K
[11.561s]       |                                                                           [01;36m[K|[m[K
[11.562s]       |                                                                           [01;36m[Kunsigned int[m[K
[11.562s]       |                                                                          [32m[K%f[m[K
[24.040s] [100%] [32m[1mLinking CXX executable stm32_udp_odom[0m
[25.388s] [100%] Built target stm32_udp_odom
[25.432s] Invoked command in '/home/young/ros2_ws/build/stm32_udp' returned '0': CMAKE_PREFIX_PATH=${CMAKE_PREFIX_PATH}:/opt/ros/kilted DEBUGINFOD_URLS=https://debuginfod.ubuntu.com /usr/bin/cmake --build /home/young/ros2_ws/build/stm32_udp -- -j4 -l4
[25.468s] Invoking command in '/home/young/ros2_ws/build/stm32_udp': CMAKE_PREFIX_PATH=${CMAKE_PREFIX_PATH}:/opt/ros/kilted DEBUGINFOD_URLS=https://debuginfod.ubuntu.com /usr/bin/cmake --install /home/young/ros2_ws/build/stm32_udp
[25.481s] -- Install configuration: ""
[25.483s] -- Installing: /home/young/ros2_ws/install/stm32_udp/lib/stm32_udp/stm32_udp_odom
[25.485s] -- Set non-toolchain portion of runtime path of "/home/young/ros2_ws/install/stm32_udp/lib/stm32_udp/stm32_udp_odom" to ""
[25.486s] -- Up-to-date: /home/young/ros2_ws/install/stm32_udp/share/ament_index/resource_index/package_run_dependencies/stm32_udp
[25.486s] -- Up-to-date: /home/young/ros2_ws/install/stm32_udp/share/ament_index/resource_index/parent_prefix_path/stm32_udp
[25.486s] -- Installing: /home/young/ros2_ws/install/stm32_udp/share/stm32_udp/environment/ament_prefix_path.sh
[25.493s] -- Up-to-date: /home/young/ros2_ws/install/stm32_udp/share/stm32_udp/environment/ament_prefix_path.dsv
[25.494s] -- Installing: /home/young/ros2_ws/install/stm32_udp/share/stm32_udp/environment/path.sh
[25.494s] -- Up-to-date: /home/young/ros2_ws/install/stm32_udp/share/stm32_udp/environment/path.dsv
[25.494s] -- Up-to-date: /home/young/ros2_ws/install/stm32_udp/share/stm32_udp/local_setup.bash
[25.494s] -- Up-to-date: /home/young/ros2_ws/install/stm32_udp/share/stm32_udp/local_setup.sh
[25.494s] -- Up-to-date: /home/young/ros2_ws/install/stm32_udp/share/stm32_udp/local_setup.zsh
[25.494s] -- Up-to-date: /home/young/ros2_ws/install/stm32_udp/share/stm32_udp/local_setup.dsv
[25.494s] -- Installing: /home/young/ros2_ws/install/stm32_udp/share/stm32_udp/package.dsv
[25.500s] -- Up-to-date: /home/young/ros2_ws/install/stm32_udp/share/ament_index/resource_index/packages/stm32_udp
[25.500s] -- Up-to-date: /home/young/ros2_ws/install/stm32_udp/share/stm32_udp/cmake/stm32_udpConfig.cmake
[25.500s] -- Up-to-date: /home/young/ros2_ws/install/stm32_udp/share/stm32_udp/cmake/stm32_udpConfig-version.cmake
[25.501s] -- Up-to-date: /home/young/ros2_ws/install/stm32_udp/share/stm32_udp/package.xml
[25.503s] Invoked command in '/home/young/ros2_ws/build/stm32_udp' returned '0': CMAKE_PREFIX_PATH=${CMAKE_PREFIX_PATH}:/opt/ros/kilted DEBUGINFOD_URLS=https://debuginfod.ubuntu.com /usr/bin/cmake --install /home/young/ros2_ws/build/stm32_udp
