[ 50%] [32mBuilding CXX object CMakeFiles/stm32_udp_odom.dir/src/stm32_udp_odom.cpp.o[0m
[100%] [32m[1mLinking CXX executable stm32_udp_odom[0m
[100%] Built target stm32_udp_odom
-- Install configuration: ""
-- Installing: /home/young/ros2_ws/install/stm32_udp/lib/stm32_udp/stm32_udp_odom
-- Set non-toolchain portion of runtime path of "/home/young/ros2_ws/install/stm32_udp/lib/stm32_udp/stm32_udp_odom" to ""
-- Installing: /home/young/ros2_ws/install/stm32_udp/share/ament_index/resource_index/package_run_dependencies/stm32_udp
-- Installing: /home/young/ros2_ws/install/stm32_udp/share/ament_index/resource_index/parent_prefix_path/stm32_udp
-- Installing: /home/young/ros2_ws/install/stm32_udp/share/stm32_udp/environment/ament_prefix_path.sh
-- Installing: /home/young/ros2_ws/install/stm32_udp/share/stm32_udp/environment/ament_prefix_path.dsv
-- Installing: /home/young/ros2_ws/install/stm32_udp/share/stm32_udp/environment/path.sh
-- Installing: /home/young/ros2_ws/install/stm32_udp/share/stm32_udp/environment/path.dsv
-- Installing: /home/young/ros2_ws/install/stm32_udp/share/stm32_udp/local_setup.bash
-- Installing: /home/young/ros2_ws/install/stm32_udp/share/stm32_udp/local_setup.sh
-- Installing: /home/young/ros2_ws/install/stm32_udp/share/stm32_udp/local_setup.zsh
-- Installing: /home/young/ros2_ws/install/stm32_udp/share/stm32_udp/local_setup.dsv
-- Installing: /home/young/ros2_ws/install/stm32_udp/share/stm32_udp/package.dsv
-- Installing: /home/young/ros2_ws/install/stm32_udp/share/ament_index/resource_index/packages/stm32_udp
-- Installing: /home/young/ros2_ws/install/stm32_udp/share/stm32_udp/cmake/stm32_udpConfig.cmake
-- Installing: /home/young/ros2_ws/install/stm32_udp/share/stm32_udp/cmake/stm32_udpConfig-version.cmake
-- Installing: /home/young/ros2_ws/install/stm32_udp/share/stm32_udp/package.xml
