[0.015s] Invoking command in '/home/young/ros2_ws/build/stm32_udp': CMAKE_PREFIX_PATH=${CMAKE_PREFIX_PATH}:/opt/ros/kilted DEBUGINFOD_URLS=https://debuginfod.ubuntu.com /usr/bin/cmake --build /home/young/ros2_ws/build/stm32_udp -- -j4 -l4
[0.149s] [ 50%] [32mBuilding CXX object CMakeFiles/stm32_udp_odom.dir/src/stm32_udp_odom.cpp.o[0m
[3.552s] [01m[K/home/young/ros2_ws/src/stm32_udp/src/stm32_udp_odom.cpp:[m[K In member function ‘[01m[Kvoid UdpOdomNode::[01;32m[Krecv_loop[m[K()[m[K’:
[3.552s] [01m[K/home/young/ros2_ws/src/stm32_udp/src/stm32_udp_odom.cpp:48:19:[m[K [01;35m[Kwarning: [m[Kvariable ‘[01m[Kangle[m[K’ set but not used [[01;35m[K]8;;https://gcc.gnu.org/onlinedocs/gcc/Warning-Options.html#index-Wunused-but-set-variable-Wunused-but-set-variable]8;;[m[K]
[3.552s]    48 |         float x,y,[01;35m[Kangle[m[K;
[3.552s]       |                   [01;35m[K^~~~~[m[K
[3.552s] [01m[K/home/young/ros2_ws/src/stm32_udp/src/stm32_udp_odom.cpp:49:13:[m[K [01;35m[Kwarning: [m[Kvariable ‘[01m[Ktime[m[K’ set but not used [[01;35m[K]8;;https://gcc.gnu.org/onlinedocs/gcc/Warning-Options.html#index-Wunused-but-set-variable-Wunused-but-set-variable]8;;[m[K]
[3.552s]    49 |         int [01;35m[Ktime[m[K;
[3.552s]       |             [01;35m[K^~~~[m[K
[6.812s] [100%] [32m[1mLinking CXX executable stm32_udp_odom[0m
[7.075s] [100%] Built target stm32_udp_odom
[7.094s] Invoked command in '/home/young/ros2_ws/build/stm32_udp' returned '0': CMAKE_PREFIX_PATH=${CMAKE_PREFIX_PATH}:/opt/ros/kilted DEBUGINFOD_URLS=https://debuginfod.ubuntu.com /usr/bin/cmake --build /home/young/ros2_ws/build/stm32_udp -- -j4 -l4
[7.096s] Invoking command in '/home/young/ros2_ws/build/stm32_udp': CMAKE_PREFIX_PATH=${CMAKE_PREFIX_PATH}:/opt/ros/kilted DEBUGINFOD_URLS=https://debuginfod.ubuntu.com /usr/bin/cmake --install /home/young/ros2_ws/build/stm32_udp
[7.107s] -- Install configuration: ""
[7.107s] -- Installing: /home/young/ros2_ws/install/stm32_udp/lib/stm32_udp/stm32_udp_odom
[7.109s] -- Set non-toolchain portion of runtime path of "/home/young/ros2_ws/install/stm32_udp/lib/stm32_udp/stm32_udp_odom" to ""
[7.109s] -- Up-to-date: /home/young/ros2_ws/install/stm32_udp/share/ament_index/resource_index/package_run_dependencies/stm32_udp
[7.109s] -- Up-to-date: /home/young/ros2_ws/install/stm32_udp/share/ament_index/resource_index/parent_prefix_path/stm32_udp
[7.110s] -- Up-to-date: /home/young/ros2_ws/install/stm32_udp/share/stm32_udp/environment/ament_prefix_path.sh
[7.110s] -- Up-to-date: /home/young/ros2_ws/install/stm32_udp/share/stm32_udp/environment/ament_prefix_path.dsv
[7.110s] -- Up-to-date: /home/young/ros2_ws/install/stm32_udp/share/stm32_udp/environment/path.sh
[7.110s] -- Up-to-date: /home/young/ros2_ws/install/stm32_udp/share/stm32_udp/environment/path.dsv
[7.110s] -- Up-to-date: /home/young/ros2_ws/install/stm32_udp/share/stm32_udp/local_setup.bash
[7.110s] -- Up-to-date: /home/young/ros2_ws/install/stm32_udp/share/stm32_udp/local_setup.sh
[7.110s] -- Up-to-date: /home/young/ros2_ws/install/stm32_udp/share/stm32_udp/local_setup.zsh
[7.110s] -- Up-to-date: /home/young/ros2_ws/install/stm32_udp/share/stm32_udp/local_setup.dsv
[7.110s] -- Installing: /home/young/ros2_ws/install/stm32_udp/share/stm32_udp/package.dsv
[7.110s] -- Up-to-date: /home/young/ros2_ws/install/stm32_udp/share/ament_index/resource_index/packages/stm32_udp
[7.110s] -- Up-to-date: /home/young/ros2_ws/install/stm32_udp/share/stm32_udp/cmake/stm32_udpConfig.cmake
[7.111s] -- Up-to-date: /home/young/ros2_ws/install/stm32_udp/share/stm32_udp/cmake/stm32_udpConfig-version.cmake
[7.111s] -- Up-to-date: /home/young/ros2_ws/install/stm32_udp/share/stm32_udp/package.xml
[7.112s] Invoked command in '/home/young/ros2_ws/build/stm32_udp' returned '0': CMAKE_PREFIX_PATH=${CMAKE_PREFIX_PATH}:/opt/ros/kilted DEBUGINFOD_URLS=https://debuginfod.ubuntu.com /usr/bin/cmake --install /home/young/ros2_ws/build/stm32_udp
