-- Found ament_cmake: 2.7.3 (/opt/ros/kilted/share/ament_cmake/cmake)
-- Found rclcpp: 29.5.5 (/opt/ros/kilted/share/rclcpp/cmake)
-- Found rosidl_generator_c: 4.9.5 (/opt/ros/kilted/share/rosidl_generator_c/cmake)
-- Found rosidl_generator_cpp: 4.9.5 (/opt/ros/kilted/share/rosidl_generator_cpp/cmake)
-- Using all available rosidl_typesupport_c: rosidl_typesupport_fastrtps_c;rosidl_typesupport_introspection_c
-- Using all available rosidl_typesupport_cpp: rosidl_typesupport_fastrtps_cpp;rosidl_typesupport_introspection_cpp
-- Found rmw_implementation_cmake: 7.8.2 (/opt/ros/kilted/share/rmw_implementation_cmake/cmake)
-- Found rmw_fastrtps_cpp: 9.3.3 (/opt/ros/kilted/share/rmw_fastrtps_cpp/cmake)
-- Using RMW implementation 'rmw_fastrtps_cpp' as default
-- Found std_msgs: 5.5.1 (/opt/ros/kilted/share/std_msgs/cmake)
-- Found nav_msgs: 5.5.1 (/opt/ros/kilted/share/nav_msgs/cmake)
-- Found ament_lint_auto: 0.19.2 (/opt/ros/kilted/share/ament_lint_auto/cmake)
[0mCMake Deprecation Warning at /opt/ros/kilted/share/ament_cmake_target_dependencies/cmake/ament_target_dependencies.cmake:87 (message):
  ament_target_dependencies() is deprecated.  Use target_link_libraries()
  with modern CMake targets instead.  Try replacing this call with:

    target_link_libraries(stm32_udp_odom PUBLIC
      ${geometry_msgs_TARGETS}
      ${nav_msgs_TARGETS}
      rclcpp::rclcpp
    )

Call Stack (most recent call first):
  CMakeLists.txt:28 (ament_target_dependencies)

[0m
-- Added test 'cppcheck' to perform static code analysis on C / C++ code
-- Configured cppcheck include dirs: 
-- Configured cppcheck exclude dirs and/or files: 
-- Added test 'lint_cmake' to check CMake code style
-- Added test 'uncrustify' to check C / C++ code style
-- Configured uncrustify additional arguments: 
-- Added test 'xmllint' to check XML markup files
-- Configuring done (0.9s)
-- Generating done (0.0s)
-- Build files have been written to: /home/young/ros2_ws/build/stm32_udp
[ 50%] [32mBuilding CXX object CMakeFiles/stm32_udp_odom.dir/src/stm32_udp_odom.cpp.o[0m
[01m[K/home/young/ros2_ws/src/stm32_udp/src/stm32_udp_odom.cpp:4:10:[m[K [01;31m[Kfatal error: [m[Ktf2/LinearMath/Quaternion.h: 没有那个文件或目录
    4 | #include [01;31m[K<tf2/LinearMath/Quaternion.h>[m[K
      |          [01;31m[K^~~~~~~~~~~~~~~~~~~~~~~~~~~~~[m[K
compilation terminated.
gmake[2]: *** [CMakeFiles/stm32_udp_odom.dir/build.make:76：CMakeFiles/stm32_udp_odom.dir/src/stm32_udp_odom.cpp.o] 错误 1
gmake[1]: *** [CMakeFiles/Makefile2:137：CMakeFiles/stm32_udp_odom.dir/all] 错误 2
gmake: *** [Makefile:146：all] 错误 2
