[0.017s] Invoking command in '/home/young/ros2_ws/build/stm32_udp': CMAKE_PREFIX_PATH=${CMAKE_PREFIX_PATH}:/opt/ros/kilted DEBUGINFOD_URLS=https://debuginfod.ubuntu.com /usr/bin/cmake /home/young/ros2_ws/src/stm32_udp -DCMAKE_INSTALL_PREFIX=/home/young/ros2_ws/install/stm32_udp
[0.038s] -- Found ament_cmake: 2.7.3 (/opt/ros/kilted/share/ament_cmake/cmake)
[0.383s] -- Found rclcpp: 29.5.5 (/opt/ros/kilted/share/rclcpp/cmake)
[0.421s] -- Found rosidl_generator_c: 4.9.5 (/opt/ros/kilted/share/rosidl_generator_c/cmake)
[0.436s] -- Found rosidl_generator_cpp: 4.9.5 (/opt/ros/kilted/share/rosidl_generator_cpp/cmake)
[0.453s] -- Using all available rosidl_typesupport_c: rosidl_typesupport_fastrtps_c;rosidl_typesupport_introspection_c
[0.474s] -- Using all available rosidl_typesupport_cpp: rosidl_typesupport_fastrtps_cpp;rosidl_typesupport_introspection_cpp
[0.576s] -- Found rmw_implementation_cmake: 7.8.2 (/opt/ros/kilted/share/rmw_implementation_cmake/cmake)
[0.576s] -- Found rmw_fastrtps_cpp: 9.3.3 (/opt/ros/kilted/share/rmw_fastrtps_cpp/cmake)
[0.633s] -- Using RMW implementation 'rmw_fastrtps_cpp' as default
[0.739s] -- Found std_msgs: 5.5.1 (/opt/ros/kilted/share/std_msgs/cmake)
[0.759s] -- Found nav_msgs: 5.5.1 (/opt/ros/kilted/share/nav_msgs/cmake)
[0.819s] -- Found ament_lint_auto: 0.19.2 (/opt/ros/kilted/share/ament_lint_auto/cmake)
[0.945s] [0mCMake Deprecation Warning at /opt/ros/kilted/share/ament_cmake_target_dependencies/cmake/ament_target_dependencies.cmake:87 (message):
[0.946s]   ament_target_dependencies() is deprecated.  Use target_link_libraries()
[0.946s]   with modern CMake targets instead.  Try replacing this call with:
[0.946s] 
[0.946s]     target_link_libraries(stm32_udp_odom PUBLIC
[0.946s]       ${geometry_msgs_TARGETS}
[0.946s]       ${nav_msgs_TARGETS}
[0.946s]       rclcpp::rclcpp
[0.946s]     )
[0.946s] 
[0.946s] Call Stack (most recent call first):
[0.947s]   CMakeLists.txt:28 (ament_target_dependencies)
[0.947s] 
[0.947s] [0m
[0.953s] -- Added test 'cppcheck' to perform static code analysis on C / C++ code
[0.954s] -- Configured cppcheck include dirs: 
[0.954s] -- Configured cppcheck exclude dirs and/or files: 
[0.957s] -- Added test 'lint_cmake' to check CMake code style
[0.958s] -- Added test 'uncrustify' to check C / C++ code style
[0.958s] -- Configured uncrustify additional arguments: 
[0.959s] -- Added test 'xmllint' to check XML markup files
[0.961s] -- Configuring done (0.9s)
[0.973s] -- Generating done (0.0s)
[0.977s] -- Build files have been written to: /home/young/ros2_ws/build/stm32_udp
[0.985s] Invoked command in '/home/young/ros2_ws/build/stm32_udp' returned '0': CMAKE_PREFIX_PATH=${CMAKE_PREFIX_PATH}:/opt/ros/kilted DEBUGINFOD_URLS=https://debuginfod.ubuntu.com /usr/bin/cmake /home/young/ros2_ws/src/stm32_udp -DCMAKE_INSTALL_PREFIX=/home/young/ros2_ws/install/stm32_udp
[0.986s] Invoking command in '/home/young/ros2_ws/build/stm32_udp': CMAKE_PREFIX_PATH=${CMAKE_PREFIX_PATH}:/opt/ros/kilted DEBUGINFOD_URLS=https://debuginfod.ubuntu.com /usr/bin/cmake --build /home/young/ros2_ws/build/stm32_udp -- -j4 -l4
[1.055s] [ 50%] [32mBuilding CXX object CMakeFiles/stm32_udp_odom.dir/src/stm32_udp_odom.cpp.o[0m
[1.494s] [01m[K/home/young/ros2_ws/src/stm32_udp/src/stm32_udp_odom.cpp:4:10:[m[K [01;31m[Kfatal error: [m[Ktf2/LinearMath/Quaternion.h: 没有那个文件或目录
[1.494s]     4 | #include [01;31m[K<tf2/LinearMath/Quaternion.h>[m[K
[1.494s]       |          [01;31m[K^~~~~~~~~~~~~~~~~~~~~~~~~~~~~[m[K
[1.494s] compilation terminated.
[1.497s] gmake[2]: *** [CMakeFiles/stm32_udp_odom.dir/build.make:76：CMakeFiles/stm32_udp_odom.dir/src/stm32_udp_odom.cpp.o] 错误 1
[1.497s] gmake[1]: *** [CMakeFiles/Makefile2:137：CMakeFiles/stm32_udp_odom.dir/all] 错误 2
[1.497s] gmake: *** [Makefile:146：all] 错误 2
[1.499s] Invoked command in '/home/young/ros2_ws/build/stm32_udp' returned '2': CMAKE_PREFIX_PATH=${CMAKE_PREFIX_PATH}:/opt/ros/kilted DEBUGINFOD_URLS=https://debuginfod.ubuntu.com /usr/bin/cmake --build /home/young/ros2_ws/build/stm32_udp -- -j4 -l4
