[0.028s] Invoking command in '/home/young/ros2_ws/build/stm32_udp': CMAKE_PREFIX_PATH=${CMAKE_PREFIX_PATH}:/opt/ros/kilted DEBUGINFOD_URLS=https://debuginfod.ubuntu.com /usr/bin/cmake --build /home/young/ros2_ws/build/stm32_udp -- -j4 -l4
[0.097s] -- Found rclcpp: 29.5.5 (/opt/ros/kilted/share/rclcpp/cmake)
[0.686s] -- Found rosidl_generator_c: 4.9.5 (/opt/ros/kilted/share/rosidl_generator_c/cmake)
[0.706s] -- Found rosidl_generator_cpp: 4.9.5 (/opt/ros/kilted/share/rosidl_generator_cpp/cmake)
[0.739s] -- Using all available rosidl_typesupport_c: rosidl_typesupport_fastrtps_c;rosidl_typesupport_introspection_c
[0.762s] -- Using all available rosidl_typesupport_cpp: rosidl_typesupport_fastrtps_cpp;rosidl_typesupport_introspection_cpp
[0.872s] -- Found rmw_implementation_cmake: 7.8.2 (/opt/ros/kilted/share/rmw_implementation_cmake/cmake)
[0.879s] -- Found rmw_fastrtps_cpp: 9.3.3 (/opt/ros/kilted/share/rmw_fastrtps_cpp/cmake)
[0.952s] -- Using RMW implementation 'rmw_fastrtps_cpp' as default
[1.076s] -- Found std_msgs: 5.5.1 (/opt/ros/kilted/share/std_msgs/cmake)
[1.102s] -- Found nav_msgs: 5.5.1 (/opt/ros/kilted/share/nav_msgs/cmake)
[1.176s] -- Found tf2: 0.41.6 (/opt/ros/kilted/share/tf2/cmake)
[1.183s] -- Found tf2_ros: 0.41.5 (/opt/ros/kilted/share/tf2_ros/cmake)
[1.392s] -- Found tf2_geometry_msgs: 0.41.6 (/opt/ros/kilted/share/tf2_geometry_msgs/cmake)
[1.416s] -- Found eigen3_cmake_module: 0.4.0 (/opt/ros/kilted/share/eigen3_cmake_module/cmake)
[1.419s] -- Found Eigen3: TRUE (found version "3.4.0") 
[1.419s] -- Ensuring Eigen3 include directory is part of orocos-kdl CMake target
[1.423s] -- Found ament_lint_auto: 0.19.2 (/opt/ros/kilted/share/ament_lint_auto/cmake)
[1.567s] [0mCMake Deprecation Warning at /opt/ros/kilted/share/ament_cmake_target_dependencies/cmake/ament_target_dependencies.cmake:87 (message):
[1.567s]   ament_target_dependencies() is deprecated.  Use target_link_libraries()
[1.567s]   with modern CMake targets instead.  Try replacing this call with:
[1.567s] 
[1.567s]     target_link_libraries(stm32_udp_odom PUBLIC
[1.567s]       ${geometry_msgs_TARGETS}
[1.567s]       ${nav_msgs_TARGETS}
[1.567s]       rclcpp::rclcpp
[1.567s]       tf2::tf2
[1.567s]       tf2_geometry_msgs::tf2_geometry_msgs
[1.567s]       tf2_ros::static_transform_broadcaster_node
[1.568s]       tf2_ros::tf2_ros
[1.568s]     )
[1.568s] 
[1.568s] Call Stack (most recent call first):
[1.568s]   CMakeLists.txt:30 (ament_target_dependencies)
[1.568s] 
[1.568s] [0m
[1.577s] -- Added test 'cppcheck' to perform static code analysis on C / C++ code
[1.577s] -- Configured cppcheck include dirs: 
[1.577s] -- Configured cppcheck exclude dirs and/or files: 
[1.579s] -- Added test 'lint_cmake' to check CMake code style
[1.580s] -- Added test 'uncrustify' to check C / C++ code style
[1.580s] -- Configured uncrustify additional arguments: 
[1.581s] -- Added test 'xmllint' to check XML markup files
[1.583s] -- Configuring done (1.5s)
[1.612s] -- Generating done (0.0s)
[1.622s] -- Build files have been written to: /home/young/ros2_ws/build/stm32_udp
[1.686s] [ 50%] [32mBuilding CXX object CMakeFiles/stm32_udp_odom.dir/src/stm32_udp_odom.cpp.o[0m
[8.314s] [100%] [32m[1mLinking CXX executable stm32_udp_odom[0m
[8.722s] [100%] Built target stm32_udp_odom
[8.736s] Invoked command in '/home/young/ros2_ws/build/stm32_udp' returned '0': CMAKE_PREFIX_PATH=${CMAKE_PREFIX_PATH}:/opt/ros/kilted DEBUGINFOD_URLS=https://debuginfod.ubuntu.com /usr/bin/cmake --build /home/young/ros2_ws/build/stm32_udp -- -j4 -l4
[8.738s] Invoking command in '/home/young/ros2_ws/build/stm32_udp': CMAKE_PREFIX_PATH=${CMAKE_PREFIX_PATH}:/opt/ros/kilted DEBUGINFOD_URLS=https://debuginfod.ubuntu.com /usr/bin/cmake --install /home/young/ros2_ws/build/stm32_udp
[8.748s] -- Install configuration: ""
[8.749s] -- Installing: /home/young/ros2_ws/install/stm32_udp/lib/stm32_udp/stm32_udp_odom
[8.751s] -- Set non-toolchain portion of runtime path of "/home/young/ros2_ws/install/stm32_udp/lib/stm32_udp/stm32_udp_odom" to ""
[8.751s] -- Installing: /home/young/ros2_ws/install/stm32_udp/share/ament_index/resource_index/package_run_dependencies/stm32_udp
[8.751s] -- Installing: /home/young/ros2_ws/install/stm32_udp/share/ament_index/resource_index/parent_prefix_path/stm32_udp
[8.752s] -- Up-to-date: /home/young/ros2_ws/install/stm32_udp/share/stm32_udp/environment/ament_prefix_path.sh
[8.752s] -- Up-to-date: /home/young/ros2_ws/install/stm32_udp/share/stm32_udp/environment/ament_prefix_path.dsv
[8.752s] -- Up-to-date: /home/young/ros2_ws/install/stm32_udp/share/stm32_udp/environment/path.sh
[8.752s] -- Up-to-date: /home/young/ros2_ws/install/stm32_udp/share/stm32_udp/environment/path.dsv
[8.752s] -- Up-to-date: /home/young/ros2_ws/install/stm32_udp/share/stm32_udp/local_setup.bash
[8.752s] -- Up-to-date: /home/young/ros2_ws/install/stm32_udp/share/stm32_udp/local_setup.sh
[8.753s] -- Up-to-date: /home/young/ros2_ws/install/stm32_udp/share/stm32_udp/local_setup.zsh
[8.753s] -- Up-to-date: /home/young/ros2_ws/install/stm32_udp/share/stm32_udp/local_setup.dsv
[8.753s] -- Installing: /home/young/ros2_ws/install/stm32_udp/share/stm32_udp/package.dsv
[8.753s] -- Up-to-date: /home/young/ros2_ws/install/stm32_udp/share/ament_index/resource_index/packages/stm32_udp
[8.753s] -- Up-to-date: /home/young/ros2_ws/install/stm32_udp/share/stm32_udp/cmake/stm32_udpConfig.cmake
[8.753s] -- Up-to-date: /home/young/ros2_ws/install/stm32_udp/share/stm32_udp/cmake/stm32_udpConfig-version.cmake
[8.753s] -- Installing: /home/young/ros2_ws/install/stm32_udp/share/stm32_udp/package.xml
[8.757s] Invoked command in '/home/young/ros2_ws/build/stm32_udp' returned '0': CMAKE_PREFIX_PATH=${CMAKE_PREFIX_PATH}:/opt/ros/kilted DEBUGINFOD_URLS=https://debuginfod.ubuntu.com /usr/bin/cmake --install /home/young/ros2_ws/build/stm32_udp
