[0.017s] Invoking command in '/home/young/ros2_ws/build/stm32_udp': CMAKE_PREFIX_PATH=${CMAKE_PREFIX_PATH}:/opt/ros/kilted DEBUGINFOD_URLS=https://debuginfod.ubuntu.com /usr/bin/cmake /home/young/ros2_ws/src/stm32_udp -DCMAKE_INSTALL_PREFIX=/home/young/ros2_ws/install/stm32_udp
[0.060s] -- Found ament_cmake: 2.7.3 (/opt/ros/kilted/share/ament_cmake/cmake)
[0.511s] -- Found rclcpp: 29.5.5 (/opt/ros/kilted/share/rclcpp/cmake)
[0.550s] -- Found rosidl_generator_c: 4.9.5 (/opt/ros/kilted/share/rosidl_generator_c/cmake)
[0.562s] -- Found rosidl_generator_cpp: 4.9.5 (/opt/ros/kilted/share/rosidl_generator_cpp/cmake)
[0.580s] -- Using all available rosidl_typesupport_c: rosidl_typesupport_fastrtps_c;rosidl_typesupport_introspection_c
[0.598s] -- Using all available rosidl_typesupport_cpp: rosidl_typesupport_fastrtps_cpp;rosidl_typesupport_introspection_cpp
[0.694s] -- Found rmw_implementation_cmake: 7.8.2 (/opt/ros/kilted/share/rmw_implementation_cmake/cmake)
[0.695s] -- Found rmw_fastrtps_cpp: 9.3.3 (/opt/ros/kilted/share/rmw_fastrtps_cpp/cmake)
[0.748s] -- Using RMW implementation 'rmw_fastrtps_cpp' as default
[0.842s] -- Found std_msgs: 5.5.1 (/opt/ros/kilted/share/std_msgs/cmake)
[0.862s] -- Found nav_msgs: 5.5.1 (/opt/ros/kilted/share/nav_msgs/cmake)
[0.923s] -- Found ament_lint_auto: 0.19.2 (/opt/ros/kilted/share/ament_lint_auto/cmake)
[1.073s] [0mCMake Deprecation Warning at /opt/ros/kilted/share/ament_cmake_target_dependencies/cmake/ament_target_dependencies.cmake:87 (message):
[1.073s]   ament_target_dependencies() is deprecated.  Use target_link_libraries()
[1.073s]   with modern CMake targets instead.  Try replacing this call with:
[1.073s] 
[1.073s]     target_link_libraries(stm32_udp_odom PUBLIC
[1.073s]       ${geometry_msgs_TARGETS}
[1.073s]       ${nav_msgs_TARGETS}
[1.073s]       rclcpp::rclcpp
[1.073s]     )
[1.074s] 
[1.074s] Call Stack (most recent call first):
[1.074s]   CMakeLists.txt:28 (ament_target_dependencies)
[1.074s] 
[1.074s] [0m
[1.074s] [31mCMake Error at /opt/ros/kilted/share/ament_cmake_target_dependencies/cmake/ament_target_dependencies.cmake:101 (message):
[1.074s]   ament_target_dependencies() the passed package name 'tf2' was not found
[1.074s]   before
[1.074s] Call Stack (most recent call first):
[1.074s]   CMakeLists.txt:28 (ament_target_dependencies)
[1.074s] 
[1.075s] [0m
[1.075s] -- Configuring incomplete, errors occurred!
[1.082s] Invoked command in '/home/young/ros2_ws/build/stm32_udp' returned '1': CMAKE_PREFIX_PATH=${CMAKE_PREFIX_PATH}:/opt/ros/kilted DEBUGINFOD_URLS=https://debuginfod.ubuntu.com /usr/bin/cmake /home/young/ros2_ws/src/stm32_udp -DCMAKE_INSTALL_PREFIX=/home/young/ros2_ws/install/stm32_udp
