[0.130s] DEBUG:colcon:Command line arguments: ['/usr/bin/colcon', 'build']
[0.130s] DEBUG:colcon:Parsed command line arguments: Namespace(log_base=None, log_level=None, verb_name='build', build_base='build', install_base='install', merge_install=False, symlink_install=False, test_result_base=None, continue_on_error=False, executor='parallel', parallel_workers=4, event_handlers=None, ignore_user_meta=False, metas=['./colcon.meta'], base_paths=['.'], packages_ignore=None, packages_ignore_regex=None, paths=None, packages_up_to=None, packages_up_to_regex=None, packages_above=None, packages_above_and_dependencies=None, packages_above_depth=None, packages_select_by_dep=None, packages_skip_by_dep=None, packages_skip_up_to=None, packages_select_build_failed=False, packages_skip_build_finished=False, packages_select_test_failures=False, packages_skip_test_passed=False, packages_select=None, packages_skip=None, packages_select_regex=None, packages_skip_regex=None, packages_start=None, packages_end=None, allow_overriding=[], cmake_args=None, cmake_target=None, cmake_target_skip_unavailable=False, cmake_clean_cache=False, cmake_clean_first=False, cmake_force_configure=False, ament_cmake_args=None, catkin_cmake_args=None, catkin_skip_building_tests=False, mixin_files=None, mixin=None, verb_parser=<colcon_mixin.mixin.mixin_argument.MixinArgumentDecorator object at 0x738f5597fd40>, verb_extension=<colcon_core.verb.build.BuildVerb object at 0x738f5597d280>, main=<bound method BuildVerb.main of <colcon_core.verb.build.BuildVerb object at 0x738f5597d280>>, mixin_verb=('build',))
[0.175s] Level 1:colcon.colcon_core.package_discovery:discover_packages(colcon_meta) check parameters
[0.175s] Level 1:colcon.colcon_core.package_discovery:discover_packages(recursive) check parameters
[0.175s] Level 1:colcon.colcon_core.package_discovery:discover_packages(ignore) check parameters
[0.176s] Level 1:colcon.colcon_core.package_discovery:discover_packages(path) check parameters
[0.176s] Level 1:colcon.colcon_core.package_discovery:discover_packages(colcon_meta) discover
[0.176s] Level 1:colcon.colcon_core.package_discovery:discover_packages(recursive) discover
[0.176s] INFO:colcon.colcon_core.package_discovery:Crawling recursively for packages in '/home/young/ros2_ws'
[0.176s] Level 1:colcon.colcon_core.package_identification:_identify(.) by extensions ['ignore', 'ignore_ament_install']
[0.176s] Level 1:colcon.colcon_core.package_identification:_identify(.) by extension 'ignore'
[0.176s] Level 1:colcon.colcon_core.package_identification:_identify(.) by extension 'ignore_ament_install'
[0.176s] Level 1:colcon.colcon_core.package_identification:_identify(.) by extensions ['colcon_pkg']
[0.176s] Level 1:colcon.colcon_core.package_identification:_identify(.) by extension 'colcon_pkg'
[0.176s] Level 1:colcon.colcon_core.package_identification:_identify(.) by extensions ['colcon_meta']
[0.176s] Level 1:colcon.colcon_core.package_identification:_identify(.) by extension 'colcon_meta'
[0.176s] Level 1:colcon.colcon_core.package_identification:_identify(.) by extensions ['ros']
[0.176s] Level 1:colcon.colcon_core.package_identification:_identify(.) by extension 'ros'
[0.209s] Level 1:colcon.colcon_core.package_identification:_identify(.) by extensions ['cmake', 'python']
[0.209s] Level 1:colcon.colcon_core.package_identification:_identify(.) by extension 'cmake'
[0.209s] Level 1:colcon.colcon_core.package_identification:_identify(.) by extension 'python'
[0.209s] Level 1:colcon.colcon_core.package_identification:_identify(.) by extensions ['python_setup_py']
[0.209s] Level 1:colcon.colcon_core.package_identification:_identify(.) by extension 'python_setup_py'
[0.210s] Level 1:colcon.colcon_core.package_identification:_identify(build) by extensions ['ignore', 'ignore_ament_install']
[0.210s] Level 1:colcon.colcon_core.package_identification:_identify(build) by extension 'ignore'
[0.210s] Level 1:colcon.colcon_core.package_identification:_identify(build) ignored
[0.210s] Level 1:colcon.colcon_core.package_identification:_identify(install) by extensions ['ignore', 'ignore_ament_install']
[0.210s] Level 1:colcon.colcon_core.package_identification:_identify(install) by extension 'ignore'
[0.210s] Level 1:colcon.colcon_core.package_identification:_identify(install) ignored
[0.210s] Level 1:colcon.colcon_core.package_identification:_identify(log) by extensions ['ignore', 'ignore_ament_install']
[0.210s] Level 1:colcon.colcon_core.package_identification:_identify(log) by extension 'ignore'
[0.210s] Level 1:colcon.colcon_core.package_identification:_identify(log) ignored
[0.211s] Level 1:colcon.colcon_core.package_identification:_identify(src) by extensions ['ignore', 'ignore_ament_install']
[0.211s] Level 1:colcon.colcon_core.package_identification:_identify(src) by extension 'ignore'
[0.211s] Level 1:colcon.colcon_core.package_identification:_identify(src) by extension 'ignore_ament_install'
[0.211s] Level 1:colcon.colcon_core.package_identification:_identify(src) by extensions ['colcon_pkg']
[0.211s] Level 1:colcon.colcon_core.package_identification:_identify(src) by extension 'colcon_pkg'
[0.211s] Level 1:colcon.colcon_core.package_identification:_identify(src) by extensions ['colcon_meta']
[0.211s] Level 1:colcon.colcon_core.package_identification:_identify(src) by extension 'colcon_meta'
[0.211s] Level 1:colcon.colcon_core.package_identification:_identify(src) by extensions ['ros']
[0.211s] Level 1:colcon.colcon_core.package_identification:_identify(src) by extension 'ros'
[0.211s] Level 1:colcon.colcon_core.package_identification:_identify(src) by extensions ['cmake', 'python']
[0.211s] Level 1:colcon.colcon_core.package_identification:_identify(src) by extension 'cmake'
[0.211s] Level 1:colcon.colcon_core.package_identification:_identify(src) by extension 'python'
[0.211s] Level 1:colcon.colcon_core.package_identification:_identify(src) by extensions ['python_setup_py']
[0.211s] Level 1:colcon.colcon_core.package_identification:_identify(src) by extension 'python_setup_py'
[0.211s] Level 1:colcon.colcon_core.package_identification:_identify(src/rplidar_ros) by extensions ['ignore', 'ignore_ament_install']
[0.211s] Level 1:colcon.colcon_core.package_identification:_identify(src/rplidar_ros) by extension 'ignore'
[0.212s] Level 1:colcon.colcon_core.package_identification:_identify(src/rplidar_ros) by extension 'ignore_ament_install'
[0.212s] Level 1:colcon.colcon_core.package_identification:_identify(src/rplidar_ros) by extensions ['colcon_pkg']
[0.212s] Level 1:colcon.colcon_core.package_identification:_identify(src/rplidar_ros) by extension 'colcon_pkg'
[0.212s] Level 1:colcon.colcon_core.package_identification:_identify(src/rplidar_ros) by extensions ['colcon_meta']
[0.212s] Level 1:colcon.colcon_core.package_identification:_identify(src/rplidar_ros) by extension 'colcon_meta'
[0.212s] Level 1:colcon.colcon_core.package_identification:_identify(src/rplidar_ros) by extensions ['ros']
[0.212s] Level 1:colcon.colcon_core.package_identification:_identify(src/rplidar_ros) by extension 'ros'
[0.215s] DEBUG:colcon.colcon_core.package_identification:Package 'src/rplidar_ros' with type 'ros.ament_cmake' and name 'rplidar_ros'
[0.215s] Level 1:colcon.colcon_core.package_identification:_identify(src/stm32_udp) by extensions ['ignore', 'ignore_ament_install']
[0.215s] Level 1:colcon.colcon_core.package_identification:_identify(src/stm32_udp) by extension 'ignore'
[0.215s] Level 1:colcon.colcon_core.package_identification:_identify(src/stm32_udp) by extension 'ignore_ament_install'
[0.215s] Level 1:colcon.colcon_core.package_identification:_identify(src/stm32_udp) by extensions ['colcon_pkg']
[0.215s] Level 1:colcon.colcon_core.package_identification:_identify(src/stm32_udp) by extension 'colcon_pkg'
[0.215s] Level 1:colcon.colcon_core.package_identification:_identify(src/stm32_udp) by extensions ['colcon_meta']
[0.215s] Level 1:colcon.colcon_core.package_identification:_identify(src/stm32_udp) by extension 'colcon_meta'
[0.215s] Level 1:colcon.colcon_core.package_identification:_identify(src/stm32_udp) by extensions ['ros']
[0.215s] Level 1:colcon.colcon_core.package_identification:_identify(src/stm32_udp) by extension 'ros'
[0.216s] DEBUG:colcon.colcon_core.package_identification:Package 'src/stm32_udp' with type 'ros.ament_cmake' and name 'stm32_udp'
[0.216s] Level 1:colcon.colcon_core.package_discovery:discover_packages(recursive) using defaults
[0.216s] Level 1:colcon.colcon_core.package_discovery:discover_packages(ignore) discover
[0.216s] Level 1:colcon.colcon_core.package_discovery:discover_packages(ignore) using defaults
[0.216s] Level 1:colcon.colcon_core.package_discovery:discover_packages(path) discover
[0.216s] Level 1:colcon.colcon_core.package_discovery:discover_packages(path) using defaults
[0.236s] Level 1:colcon.colcon_core.package_discovery:discover_packages(prefix_path) check parameters
[0.236s] Level 1:colcon.colcon_core.package_discovery:discover_packages(prefix_path) discover
[0.239s] DEBUG:colcon.colcon_installed_package_information.package_discovery:Found 292 installed packages in /opt/ros/kilted
[0.240s] Level 1:colcon.colcon_core.package_discovery:discover_packages(prefix_path) using defaults
[0.289s] Level 5:colcon.colcon_core.verb:set package 'rplidar_ros' build argument 'cmake_args' from command line to 'None'
[0.289s] Level 5:colcon.colcon_core.verb:set package 'rplidar_ros' build argument 'cmake_target' from command line to 'None'
[0.289s] Level 5:colcon.colcon_core.verb:set package 'rplidar_ros' build argument 'cmake_target_skip_unavailable' from command line to 'False'
[0.289s] Level 5:colcon.colcon_core.verb:set package 'rplidar_ros' build argument 'cmake_clean_cache' from command line to 'False'
[0.289s] Level 5:colcon.colcon_core.verb:set package 'rplidar_ros' build argument 'cmake_clean_first' from command line to 'False'
[0.289s] Level 5:colcon.colcon_core.verb:set package 'rplidar_ros' build argument 'cmake_force_configure' from command line to 'False'
[0.289s] Level 5:colcon.colcon_core.verb:set package 'rplidar_ros' build argument 'ament_cmake_args' from command line to 'None'
[0.289s] Level 5:colcon.colcon_core.verb:set package 'rplidar_ros' build argument 'catkin_cmake_args' from command line to 'None'
[0.289s] Level 5:colcon.colcon_core.verb:set package 'rplidar_ros' build argument 'catkin_skip_building_tests' from command line to 'False'
[0.289s] DEBUG:colcon.colcon_core.verb:Building package 'rplidar_ros' with the following arguments: {'ament_cmake_args': None, 'build_base': '/home/young/ros2_ws/build/rplidar_ros', 'catkin_cmake_args': None, 'catkin_skip_building_tests': False, 'cmake_args': None, 'cmake_clean_cache': False, 'cmake_clean_first': False, 'cmake_force_configure': False, 'cmake_target': None, 'cmake_target_skip_unavailable': False, 'install_base': '/home/young/ros2_ws/install/rplidar_ros', 'merge_install': False, 'path': '/home/young/ros2_ws/src/rplidar_ros', 'symlink_install': False, 'test_result_base': None}
[0.289s] Level 5:colcon.colcon_core.verb:set package 'stm32_udp' build argument 'cmake_args' from command line to 'None'
[0.290s] Level 5:colcon.colcon_core.verb:set package 'stm32_udp' build argument 'cmake_target' from command line to 'None'
[0.290s] Level 5:colcon.colcon_core.verb:set package 'stm32_udp' build argument 'cmake_target_skip_unavailable' from command line to 'False'
[0.290s] Level 5:colcon.colcon_core.verb:set package 'stm32_udp' build argument 'cmake_clean_cache' from command line to 'False'
[0.290s] Level 5:colcon.colcon_core.verb:set package 'stm32_udp' build argument 'cmake_clean_first' from command line to 'False'
[0.290s] Level 5:colcon.colcon_core.verb:set package 'stm32_udp' build argument 'cmake_force_configure' from command line to 'False'
[0.290s] Level 5:colcon.colcon_core.verb:set package 'stm32_udp' build argument 'ament_cmake_args' from command line to 'None'
[0.290s] Level 5:colcon.colcon_core.verb:set package 'stm32_udp' build argument 'catkin_cmake_args' from command line to 'None'
[0.290s] Level 5:colcon.colcon_core.verb:set package 'stm32_udp' build argument 'catkin_skip_building_tests' from command line to 'False'
[0.290s] DEBUG:colcon.colcon_core.verb:Building package 'stm32_udp' with the following arguments: {'ament_cmake_args': None, 'build_base': '/home/young/ros2_ws/build/stm32_udp', 'catkin_cmake_args': None, 'catkin_skip_building_tests': False, 'cmake_args': None, 'cmake_clean_cache': False, 'cmake_clean_first': False, 'cmake_force_configure': False, 'cmake_target': None, 'cmake_target_skip_unavailable': False, 'install_base': '/home/young/ros2_ws/install/stm32_udp', 'merge_install': False, 'path': '/home/young/ros2_ws/src/stm32_udp', 'symlink_install': False, 'test_result_base': None}
[0.290s] INFO:colcon.colcon_core.executor:Executing jobs using 'parallel' executor
[0.291s] DEBUG:colcon.colcon_parallel_executor.executor.parallel:run_until_complete
[0.291s] INFO:colcon.colcon_ros.task.ament_cmake.build:Building ROS package in '/home/young/ros2_ws/src/rplidar_ros' with build type 'ament_cmake'
[0.291s] INFO:colcon.colcon_cmake.task.cmake.build:Building CMake package in '/home/young/ros2_ws/src/rplidar_ros'
[0.294s] INFO:colcon.colcon_core.plugin_system:Skipping extension 'colcon_core.shell.bat': Not used on non-Windows systems
[0.294s] INFO:colcon.colcon_core.shell:Skip shell extension 'powershell' for command environment: Not usable outside of PowerShell
[0.294s] DEBUG:colcon.colcon_core.shell:Skip shell extension 'dsv' for command environment
[0.298s] INFO:colcon.colcon_ros.task.ament_cmake.build:Building ROS package in '/home/young/ros2_ws/src/stm32_udp' with build type 'ament_cmake'
[0.298s] INFO:colcon.colcon_cmake.task.cmake.build:Building CMake package in '/home/young/ros2_ws/src/stm32_udp'
[0.299s] INFO:colcon.colcon_core.shell:Skip shell extension 'powershell' for command environment: Not usable outside of PowerShell
[0.299s] DEBUG:colcon.colcon_core.shell:Skip shell extension 'dsv' for command environment
[0.310s] DEBUG:colcon.colcon_core.event_handler.log_command:Invoking command in '/home/young/ros2_ws/build/rplidar_ros': CMAKE_PREFIX_PATH=${CMAKE_PREFIX_PATH}:/opt/ros/kilted DEBUGINFOD_URLS=https://debuginfod.ubuntu.com /usr/bin/cmake --build /home/young/ros2_ws/build/rplidar_ros -- -j4 -l4
[0.317s] DEBUG:colcon.colcon_core.event_handler.log_command:Invoking command in '/home/young/ros2_ws/build/stm32_udp': CMAKE_PREFIX_PATH=${CMAKE_PREFIX_PATH}:/opt/ros/kilted DEBUGINFOD_URLS=https://debuginfod.ubuntu.com /usr/bin/cmake --build /home/young/ros2_ws/build/stm32_udp -- -j4 -l4
[0.453s] DEBUG:colcon.colcon_core.event_handler.log_command:Invoked command in '/home/young/ros2_ws/build/rplidar_ros' returned '0': CMAKE_PREFIX_PATH=${CMAKE_PREFIX_PATH}:/opt/ros/kilted DEBUGINFOD_URLS=https://debuginfod.ubuntu.com /usr/bin/cmake --build /home/young/ros2_ws/build/rplidar_ros -- -j4 -l4
[0.468s] DEBUG:colcon.colcon_core.event_handler.log_command:Invoking command in '/home/young/ros2_ws/build/rplidar_ros': CMAKE_PREFIX_PATH=${CMAKE_PREFIX_PATH}:/opt/ros/kilted DEBUGINFOD_URLS=https://debuginfod.ubuntu.com /usr/bin/cmake --install /home/young/ros2_ws/build/rplidar_ros
[0.519s] Level 1:colcon.colcon_core.environment:create_environment_scripts_only(rplidar_ros)
[0.524s] Level 1:colcon.colcon_core.environment:checking '/home/young/ros2_ws/install/rplidar_ros' for CMake module files
[0.524s] DEBUG:colcon.colcon_core.event_handler.log_command:Invoked command in '/home/young/ros2_ws/build/rplidar_ros' returned '0': CMAKE_PREFIX_PATH=${CMAKE_PREFIX_PATH}:/opt/ros/kilted DEBUGINFOD_URLS=https://debuginfod.ubuntu.com /usr/bin/cmake --install /home/young/ros2_ws/build/rplidar_ros
[0.525s] Level 1:colcon.colcon_core.environment:checking '/home/young/ros2_ws/install/rplidar_ros' for CMake config files
[0.526s] Level 1:colcon.colcon_core.shell:create_environment_hook('rplidar_ros', 'cmake_prefix_path')
[0.527s] INFO:colcon.colcon_core.shell:Creating environment hook '/home/young/ros2_ws/install/rplidar_ros/share/rplidar_ros/hook/cmake_prefix_path.ps1'
[0.528s] INFO:colcon.colcon_core.shell:Creating environment descriptor '/home/young/ros2_ws/install/rplidar_ros/share/rplidar_ros/hook/cmake_prefix_path.dsv'
[0.528s] INFO:colcon.colcon_core.shell:Creating environment hook '/home/young/ros2_ws/install/rplidar_ros/share/rplidar_ros/hook/cmake_prefix_path.sh'
[0.530s] Level 1:colcon.colcon_core.environment:checking '/home/young/ros2_ws/install/rplidar_ros/lib'
[0.530s] Level 1:colcon.colcon_core.environment:checking '/home/young/ros2_ws/install/rplidar_ros/bin'
[0.530s] Level 1:colcon.colcon_core.environment:checking '/home/young/ros2_ws/install/rplidar_ros/lib/pkgconfig/rplidar_ros.pc'
[0.530s] Level 1:colcon.colcon_core.environment:checking '/home/young/ros2_ws/install/rplidar_ros/lib/python3.12/site-packages'
[0.531s] Level 1:colcon.colcon_core.environment:checking '/home/young/ros2_ws/install/rplidar_ros/bin'
[0.531s] INFO:colcon.colcon_core.shell:Creating package script '/home/young/ros2_ws/install/rplidar_ros/share/rplidar_ros/package.ps1'
[0.532s] INFO:colcon.colcon_core.shell:Creating package descriptor '/home/young/ros2_ws/install/rplidar_ros/share/rplidar_ros/package.dsv'
[0.533s] INFO:colcon.colcon_core.shell:Creating package script '/home/young/ros2_ws/install/rplidar_ros/share/rplidar_ros/package.sh'
[0.533s] INFO:colcon.colcon_core.shell:Creating package script '/home/young/ros2_ws/install/rplidar_ros/share/rplidar_ros/package.bash'
[0.534s] INFO:colcon.colcon_core.shell:Creating package script '/home/young/ros2_ws/install/rplidar_ros/share/rplidar_ros/package.zsh'
[0.535s] Level 1:colcon.colcon_core.environment:create_file_with_runtime_dependencies(/home/young/ros2_ws/install/rplidar_ros/share/colcon-core/packages/rplidar_ros)
[0.535s] Level 1:colcon.colcon_core.environment:create_environment_scripts_only(rplidar_ros)
[0.536s] Level 1:colcon.colcon_core.environment:checking '/home/young/ros2_ws/install/rplidar_ros' for CMake module files
[0.537s] Level 1:colcon.colcon_core.environment:checking '/home/young/ros2_ws/install/rplidar_ros' for CMake config files
[0.537s] Level 1:colcon.colcon_core.shell:create_environment_hook('rplidar_ros', 'cmake_prefix_path')
[0.537s] INFO:colcon.colcon_core.shell:Creating environment hook '/home/young/ros2_ws/install/rplidar_ros/share/rplidar_ros/hook/cmake_prefix_path.ps1'
[0.538s] INFO:colcon.colcon_core.shell:Creating environment descriptor '/home/young/ros2_ws/install/rplidar_ros/share/rplidar_ros/hook/cmake_prefix_path.dsv'
[0.538s] INFO:colcon.colcon_core.shell:Creating environment hook '/home/young/ros2_ws/install/rplidar_ros/share/rplidar_ros/hook/cmake_prefix_path.sh'
[0.539s] Level 1:colcon.colcon_core.environment:checking '/home/young/ros2_ws/install/rplidar_ros/lib'
[0.539s] Level 1:colcon.colcon_core.environment:checking '/home/young/ros2_ws/install/rplidar_ros/bin'
[0.539s] Level 1:colcon.colcon_core.environment:checking '/home/young/ros2_ws/install/rplidar_ros/lib/pkgconfig/rplidar_ros.pc'
[0.539s] Level 1:colcon.colcon_core.environment:checking '/home/young/ros2_ws/install/rplidar_ros/lib/python3.12/site-packages'
[0.540s] Level 1:colcon.colcon_core.environment:checking '/home/young/ros2_ws/install/rplidar_ros/bin'
[0.540s] INFO:colcon.colcon_core.shell:Creating package script '/home/young/ros2_ws/install/rplidar_ros/share/rplidar_ros/package.ps1'
[0.541s] INFO:colcon.colcon_core.shell:Creating package descriptor '/home/young/ros2_ws/install/rplidar_ros/share/rplidar_ros/package.dsv'
[0.542s] INFO:colcon.colcon_core.shell:Creating package script '/home/young/ros2_ws/install/rplidar_ros/share/rplidar_ros/package.sh'
[0.542s] INFO:colcon.colcon_core.shell:Creating package script '/home/young/ros2_ws/install/rplidar_ros/share/rplidar_ros/package.bash'
[0.543s] INFO:colcon.colcon_core.shell:Creating package script '/home/young/ros2_ws/install/rplidar_ros/share/rplidar_ros/package.zsh'
[0.543s] Level 1:colcon.colcon_core.environment:create_file_with_runtime_dependencies(/home/young/ros2_ws/install/rplidar_ros/share/colcon-core/packages/rplidar_ros)
[7.590s] DEBUG:colcon.colcon_core.event_handler.log_command:Invoked command in '/home/young/ros2_ws/build/stm32_udp' returned '0': CMAKE_PREFIX_PATH=${CMAKE_PREFIX_PATH}:/opt/ros/kilted DEBUGINFOD_URLS=https://debuginfod.ubuntu.com /usr/bin/cmake --build /home/young/ros2_ws/build/stm32_udp -- -j4 -l4
[7.592s] DEBUG:colcon.colcon_core.event_handler.log_command:Invoking command in '/home/young/ros2_ws/build/stm32_udp': CMAKE_PREFIX_PATH=${CMAKE_PREFIX_PATH}:/opt/ros/kilted DEBUGINFOD_URLS=https://debuginfod.ubuntu.com /usr/bin/cmake --install /home/young/ros2_ws/build/stm32_udp
[7.614s] Level 1:colcon.colcon_core.environment:create_environment_scripts_only(stm32_udp)
[7.614s] Level 1:colcon.colcon_core.environment:checking '/home/young/ros2_ws/install/stm32_udp' for CMake module files
[7.614s] DEBUG:colcon.colcon_core.event_handler.log_command:Invoked command in '/home/young/ros2_ws/build/stm32_udp' returned '0': CMAKE_PREFIX_PATH=${CMAKE_PREFIX_PATH}:/opt/ros/kilted DEBUGINFOD_URLS=https://debuginfod.ubuntu.com /usr/bin/cmake --install /home/young/ros2_ws/build/stm32_udp
[7.615s] Level 1:colcon.colcon_core.environment:checking '/home/young/ros2_ws/install/stm32_udp' for CMake config files
[7.615s] Level 1:colcon.colcon_core.shell:create_environment_hook('stm32_udp', 'cmake_prefix_path')
[7.616s] INFO:colcon.colcon_core.shell:Creating environment hook '/home/young/ros2_ws/install/stm32_udp/share/stm32_udp/hook/cmake_prefix_path.ps1'
[7.616s] INFO:colcon.colcon_core.shell:Creating environment descriptor '/home/young/ros2_ws/install/stm32_udp/share/stm32_udp/hook/cmake_prefix_path.dsv'
[7.616s] INFO:colcon.colcon_core.shell:Creating environment hook '/home/young/ros2_ws/install/stm32_udp/share/stm32_udp/hook/cmake_prefix_path.sh'
[7.617s] Level 1:colcon.colcon_core.environment:checking '/home/young/ros2_ws/install/stm32_udp/lib'
[7.617s] Level 1:colcon.colcon_core.environment:checking '/home/young/ros2_ws/install/stm32_udp/bin'
[7.617s] Level 1:colcon.colcon_core.environment:checking '/home/young/ros2_ws/install/stm32_udp/lib/pkgconfig/stm32_udp.pc'
[7.618s] Level 1:colcon.colcon_core.environment:checking '/home/young/ros2_ws/install/stm32_udp/lib/python3.12/site-packages'
[7.618s] Level 1:colcon.colcon_core.environment:checking '/home/young/ros2_ws/install/stm32_udp/bin'
[7.618s] INFO:colcon.colcon_core.shell:Creating package script '/home/young/ros2_ws/install/stm32_udp/share/stm32_udp/package.ps1'
[7.619s] INFO:colcon.colcon_core.shell:Creating package descriptor '/home/young/ros2_ws/install/stm32_udp/share/stm32_udp/package.dsv'
[7.620s] INFO:colcon.colcon_core.shell:Creating package script '/home/young/ros2_ws/install/stm32_udp/share/stm32_udp/package.sh'
[7.621s] INFO:colcon.colcon_core.shell:Creating package script '/home/young/ros2_ws/install/stm32_udp/share/stm32_udp/package.bash'
[7.621s] INFO:colcon.colcon_core.shell:Creating package script '/home/young/ros2_ws/install/stm32_udp/share/stm32_udp/package.zsh'
[7.622s] Level 1:colcon.colcon_core.environment:create_file_with_runtime_dependencies(/home/young/ros2_ws/install/stm32_udp/share/colcon-core/packages/stm32_udp)
[7.623s] Level 1:colcon.colcon_core.environment:create_environment_scripts_only(stm32_udp)
[7.624s] Level 1:colcon.colcon_core.environment:checking '/home/young/ros2_ws/install/stm32_udp' for CMake module files
[7.624s] Level 1:colcon.colcon_core.environment:checking '/home/young/ros2_ws/install/stm32_udp' for CMake config files
[7.624s] Level 1:colcon.colcon_core.shell:create_environment_hook('stm32_udp', 'cmake_prefix_path')
[7.625s] INFO:colcon.colcon_core.shell:Creating environment hook '/home/young/ros2_ws/install/stm32_udp/share/stm32_udp/hook/cmake_prefix_path.ps1'
[7.625s] INFO:colcon.colcon_core.shell:Creating environment descriptor '/home/young/ros2_ws/install/stm32_udp/share/stm32_udp/hook/cmake_prefix_path.dsv'
[7.625s] INFO:colcon.colcon_core.shell:Creating environment hook '/home/young/ros2_ws/install/stm32_udp/share/stm32_udp/hook/cmake_prefix_path.sh'
[7.626s] Level 1:colcon.colcon_core.environment:checking '/home/young/ros2_ws/install/stm32_udp/lib'
[7.626s] Level 1:colcon.colcon_core.environment:checking '/home/young/ros2_ws/install/stm32_udp/bin'
[7.626s] Level 1:colcon.colcon_core.environment:checking '/home/young/ros2_ws/install/stm32_udp/lib/pkgconfig/stm32_udp.pc'
[7.627s] Level 1:colcon.colcon_core.environment:checking '/home/young/ros2_ws/install/stm32_udp/lib/python3.12/site-packages'
[7.627s] Level 1:colcon.colcon_core.environment:checking '/home/young/ros2_ws/install/stm32_udp/bin'
[7.627s] INFO:colcon.colcon_core.shell:Creating package script '/home/young/ros2_ws/install/stm32_udp/share/stm32_udp/package.ps1'
[7.628s] INFO:colcon.colcon_core.shell:Creating package descriptor '/home/young/ros2_ws/install/stm32_udp/share/stm32_udp/package.dsv'
[7.628s] INFO:colcon.colcon_core.shell:Creating package script '/home/young/ros2_ws/install/stm32_udp/share/stm32_udp/package.sh'
[7.629s] INFO:colcon.colcon_core.shell:Creating package script '/home/young/ros2_ws/install/stm32_udp/share/stm32_udp/package.bash'
[7.629s] INFO:colcon.colcon_core.shell:Creating package script '/home/young/ros2_ws/install/stm32_udp/share/stm32_udp/package.zsh'
[7.630s] Level 1:colcon.colcon_core.environment:create_file_with_runtime_dependencies(/home/young/ros2_ws/install/stm32_udp/share/colcon-core/packages/stm32_udp)
[7.630s] DEBUG:colcon.colcon_parallel_executor.executor.parallel:closing loop
[7.631s] DEBUG:colcon.colcon_parallel_executor.executor.parallel:loop closed
[7.631s] DEBUG:colcon.colcon_parallel_executor.executor.parallel:run_until_complete finished with '0'
[7.631s] DEBUG:colcon.colcon_core.event_reactor:joining thread
[7.641s] INFO:colcon.colcon_core.plugin_system:Skipping extension 'colcon_notification.desktop_notification.terminal_notifier': Not used on non-Darwin systems
[7.643s] INFO:colcon.colcon_core.plugin_system:Skipping extension 'colcon_notification.desktop_notification.win32': Not used on non-Windows systems
[7.643s] INFO:colcon.colcon_notification.desktop_notification:Sending desktop notification using 'notify2'
[7.664s] DEBUG:colcon.colcon_core.event_reactor:joined thread
[7.665s] INFO:colcon.colcon_core.shell:Creating prefix script '/home/young/ros2_ws/install/local_setup.ps1'
[7.667s] INFO:colcon.colcon_core.shell:Creating prefix util module '/home/young/ros2_ws/install/_local_setup_util_ps1.py'
[7.670s] INFO:colcon.colcon_core.shell:Creating prefix chain script '/home/young/ros2_ws/install/setup.ps1'
[7.671s] INFO:colcon.colcon_core.shell:Creating prefix script '/home/young/ros2_ws/install/local_setup.sh'
[7.672s] INFO:colcon.colcon_core.shell:Creating prefix util module '/home/young/ros2_ws/install/_local_setup_util_sh.py'
[7.673s] INFO:colcon.colcon_core.shell:Creating prefix chain script '/home/young/ros2_ws/install/setup.sh'
[7.674s] INFO:colcon.colcon_core.shell:Creating prefix script '/home/young/ros2_ws/install/local_setup.bash'
[7.675s] INFO:colcon.colcon_core.shell:Creating prefix chain script '/home/young/ros2_ws/install/setup.bash'
[7.676s] INFO:colcon.colcon_core.shell:Creating prefix script '/home/young/ros2_ws/install/local_setup.zsh'
[7.677s] INFO:colcon.colcon_core.shell:Creating prefix chain script '/home/young/ros2_ws/install/setup.zsh'
