[0.149s] DEBUG:colcon:Command line arguments: ['/usr/bin/colcon', 'build']
[0.150s] DEBUG:colcon:Parsed command line arguments: Namespace(log_base=None, log_level=None, verb_name='build', build_base='build', install_base='install', merge_install=False, symlink_install=False, test_result_base=None, continue_on_error=False, executor='parallel', parallel_workers=4, event_handlers=None, ignore_user_meta=False, metas=['./colcon.meta'], base_paths=['.'], packages_ignore=None, packages_ignore_regex=None, paths=None, packages_up_to=None, packages_up_to_regex=None, packages_above=None, packages_above_and_dependencies=None, packages_above_depth=None, packages_select_by_dep=None, packages_skip_by_dep=None, packages_skip_up_to=None, packages_select_build_failed=False, packages_skip_build_finished=False, packages_select_test_failures=False, packages_skip_test_passed=False, packages_select=None, packages_skip=None, packages_select_regex=None, packages_skip_regex=None, packages_start=None, packages_end=None, allow_overriding=[], cmake_args=None, cmake_target=None, cmake_target_skip_unavailable=False, cmake_clean_cache=False, cmake_clean_first=False, cmake_force_configure=False, ament_cmake_args=None, catkin_cmake_args=None, catkin_skip_building_tests=False, mixin_files=None, mixin=None, verb_parser=<colcon_mixin.mixin.mixin_argument.MixinArgumentDecorator object at 0x73c1a6faffe0>, verb_extension=<colcon_core.verb.build.BuildVerb object at 0x73c1a763c2f0>, main=<bound method BuildVerb.main of <colcon_core.verb.build.BuildVerb object at 0x73c1a763c2f0>>, mixin_verb=('build',))
[0.200s] Level 1:colcon.colcon_core.package_discovery:discover_packages(colcon_meta) check parameters
[0.200s] Level 1:colcon.colcon_core.package_discovery:discover_packages(recursive) check parameters
[0.200s] Level 1:colcon.colcon_core.package_discovery:discover_packages(ignore) check parameters
[0.200s] Level 1:colcon.colcon_core.package_discovery:discover_packages(path) check parameters
[0.200s] Level 1:colcon.colcon_core.package_discovery:discover_packages(colcon_meta) discover
[0.200s] Level 1:colcon.colcon_core.package_discovery:discover_packages(recursive) discover
[0.200s] INFO:colcon.colcon_core.package_discovery:Crawling recursively for packages in '/home/young/ros2_ws'
[0.200s] Level 1:colcon.colcon_core.package_identification:_identify(.) by extensions ['ignore', 'ignore_ament_install']
[0.200s] Level 1:colcon.colcon_core.package_identification:_identify(.) by extension 'ignore'
[0.200s] Level 1:colcon.colcon_core.package_identification:_identify(.) by extension 'ignore_ament_install'
[0.200s] Level 1:colcon.colcon_core.package_identification:_identify(.) by extensions ['colcon_pkg']
[0.201s] Level 1:colcon.colcon_core.package_identification:_identify(.) by extension 'colcon_pkg'
[0.201s] Level 1:colcon.colcon_core.package_identification:_identify(.) by extensions ['colcon_meta']
[0.201s] Level 1:colcon.colcon_core.package_identification:_identify(.) by extension 'colcon_meta'
[0.201s] Level 1:colcon.colcon_core.package_identification:_identify(.) by extensions ['ros']
[0.201s] Level 1:colcon.colcon_core.package_identification:_identify(.) by extension 'ros'
[0.236s] Level 1:colcon.colcon_core.package_identification:_identify(.) by extensions ['cmake', 'python']
[0.236s] Level 1:colcon.colcon_core.package_identification:_identify(.) by extension 'cmake'
[0.236s] Level 1:colcon.colcon_core.package_identification:_identify(.) by extension 'python'
[0.236s] Level 1:colcon.colcon_core.package_identification:_identify(.) by extensions ['python_setup_py']
[0.236s] Level 1:colcon.colcon_core.package_identification:_identify(.) by extension 'python_setup_py'
[0.236s] Level 1:colcon.colcon_core.package_identification:_identify(build) by extensions ['ignore', 'ignore_ament_install']
[0.236s] Level 1:colcon.colcon_core.package_identification:_identify(build) by extension 'ignore'
[0.236s] Level 1:colcon.colcon_core.package_identification:_identify(build) ignored
[0.237s] Level 1:colcon.colcon_core.package_identification:_identify(install) by extensions ['ignore', 'ignore_ament_install']
[0.237s] Level 1:colcon.colcon_core.package_identification:_identify(install) by extension 'ignore'
[0.237s] Level 1:colcon.colcon_core.package_identification:_identify(install) ignored
[0.237s] Level 1:colcon.colcon_core.package_identification:_identify(log) by extensions ['ignore', 'ignore_ament_install']
[0.237s] Level 1:colcon.colcon_core.package_identification:_identify(log) by extension 'ignore'
[0.237s] Level 1:colcon.colcon_core.package_identification:_identify(log) ignored
[0.237s] Level 1:colcon.colcon_core.package_identification:_identify(src) by extensions ['ignore', 'ignore_ament_install']
[0.237s] Level 1:colcon.colcon_core.package_identification:_identify(src) by extension 'ignore'
[0.237s] Level 1:colcon.colcon_core.package_identification:_identify(src) by extension 'ignore_ament_install'
[0.238s] Level 1:colcon.colcon_core.package_identification:_identify(src) by extensions ['colcon_pkg']
[0.238s] Level 1:colcon.colcon_core.package_identification:_identify(src) by extension 'colcon_pkg'
[0.238s] Level 1:colcon.colcon_core.package_identification:_identify(src) by extensions ['colcon_meta']
[0.238s] Level 1:colcon.colcon_core.package_identification:_identify(src) by extension 'colcon_meta'
[0.238s] Level 1:colcon.colcon_core.package_identification:_identify(src) by extensions ['ros']
[0.238s] Level 1:colcon.colcon_core.package_identification:_identify(src) by extension 'ros'
[0.238s] Level 1:colcon.colcon_core.package_identification:_identify(src) by extensions ['cmake', 'python']
[0.238s] Level 1:colcon.colcon_core.package_identification:_identify(src) by extension 'cmake'
[0.238s] Level 1:colcon.colcon_core.package_identification:_identify(src) by extension 'python'
[0.238s] Level 1:colcon.colcon_core.package_identification:_identify(src) by extensions ['python_setup_py']
[0.238s] Level 1:colcon.colcon_core.package_identification:_identify(src) by extension 'python_setup_py'
[0.238s] Level 1:colcon.colcon_core.package_identification:_identify(src/rplidar_ros) by extensions ['ignore', 'ignore_ament_install']
[0.238s] Level 1:colcon.colcon_core.package_identification:_identify(src/rplidar_ros) by extension 'ignore'
[0.238s] Level 1:colcon.colcon_core.package_identification:_identify(src/rplidar_ros) by extension 'ignore_ament_install'
[0.238s] Level 1:colcon.colcon_core.package_identification:_identify(src/rplidar_ros) by extensions ['colcon_pkg']
[0.238s] Level 1:colcon.colcon_core.package_identification:_identify(src/rplidar_ros) by extension 'colcon_pkg'
[0.238s] Level 1:colcon.colcon_core.package_identification:_identify(src/rplidar_ros) by extensions ['colcon_meta']
[0.239s] Level 1:colcon.colcon_core.package_identification:_identify(src/rplidar_ros) by extension 'colcon_meta'
[0.239s] Level 1:colcon.colcon_core.package_identification:_identify(src/rplidar_ros) by extensions ['ros']
[0.239s] Level 1:colcon.colcon_core.package_identification:_identify(src/rplidar_ros) by extension 'ros'
[0.242s] DEBUG:colcon.colcon_core.package_identification:Package 'src/rplidar_ros' with type 'ros.ament_cmake' and name 'rplidar_ros'
[0.242s] Level 1:colcon.colcon_core.package_identification:_identify(src/stm32_udp) by extensions ['ignore', 'ignore_ament_install']
[0.243s] Level 1:colcon.colcon_core.package_identification:_identify(src/stm32_udp) by extension 'ignore'
[0.243s] Level 1:colcon.colcon_core.package_identification:_identify(src/stm32_udp) by extension 'ignore_ament_install'
[0.243s] Level 1:colcon.colcon_core.package_identification:_identify(src/stm32_udp) by extensions ['colcon_pkg']
[0.243s] Level 1:colcon.colcon_core.package_identification:_identify(src/stm32_udp) by extension 'colcon_pkg'
[0.243s] Level 1:colcon.colcon_core.package_identification:_identify(src/stm32_udp) by extensions ['colcon_meta']
[0.243s] Level 1:colcon.colcon_core.package_identification:_identify(src/stm32_udp) by extension 'colcon_meta'
[0.243s] Level 1:colcon.colcon_core.package_identification:_identify(src/stm32_udp) by extensions ['ros']
[0.243s] Level 1:colcon.colcon_core.package_identification:_identify(src/stm32_udp) by extension 'ros'
[0.244s] DEBUG:colcon.colcon_core.package_identification:Package 'src/stm32_udp' with type 'ros.ament_cmake' and name 'stm32_udp'
[0.244s] Level 1:colcon.colcon_core.package_discovery:discover_packages(recursive) using defaults
[0.244s] Level 1:colcon.colcon_core.package_discovery:discover_packages(ignore) discover
[0.244s] Level 1:colcon.colcon_core.package_discovery:discover_packages(ignore) using defaults
[0.244s] Level 1:colcon.colcon_core.package_discovery:discover_packages(path) discover
[0.244s] Level 1:colcon.colcon_core.package_discovery:discover_packages(path) using defaults
[0.270s] Level 1:colcon.colcon_core.package_discovery:discover_packages(prefix_path) check parameters
[0.270s] Level 1:colcon.colcon_core.package_discovery:discover_packages(prefix_path) discover
[0.273s] DEBUG:colcon.colcon_installed_package_information.package_discovery:Found 2 installed packages in /home/young/ros2_ws/install
[0.275s] DEBUG:colcon.colcon_installed_package_information.package_discovery:Found 301 installed packages in /opt/ros/kilted
[0.278s] Level 1:colcon.colcon_core.package_discovery:discover_packages(prefix_path) using defaults
[0.338s] Level 5:colcon.colcon_core.verb:set package 'rplidar_ros' build argument 'cmake_args' from command line to 'None'
[0.338s] Level 5:colcon.colcon_core.verb:set package 'rplidar_ros' build argument 'cmake_target' from command line to 'None'
[0.338s] Level 5:colcon.colcon_core.verb:set package 'rplidar_ros' build argument 'cmake_target_skip_unavailable' from command line to 'False'
[0.338s] Level 5:colcon.colcon_core.verb:set package 'rplidar_ros' build argument 'cmake_clean_cache' from command line to 'False'
[0.338s] Level 5:colcon.colcon_core.verb:set package 'rplidar_ros' build argument 'cmake_clean_first' from command line to 'False'
[0.338s] Level 5:colcon.colcon_core.verb:set package 'rplidar_ros' build argument 'cmake_force_configure' from command line to 'False'
[0.338s] Level 5:colcon.colcon_core.verb:set package 'rplidar_ros' build argument 'ament_cmake_args' from command line to 'None'
[0.338s] Level 5:colcon.colcon_core.verb:set package 'rplidar_ros' build argument 'catkin_cmake_args' from command line to 'None'
[0.338s] Level 5:colcon.colcon_core.verb:set package 'rplidar_ros' build argument 'catkin_skip_building_tests' from command line to 'False'
[0.338s] DEBUG:colcon.colcon_core.verb:Building package 'rplidar_ros' with the following arguments: {'ament_cmake_args': None, 'build_base': '/home/young/ros2_ws/build/rplidar_ros', 'catkin_cmake_args': None, 'catkin_skip_building_tests': False, 'cmake_args': None, 'cmake_clean_cache': False, 'cmake_clean_first': False, 'cmake_force_configure': False, 'cmake_target': None, 'cmake_target_skip_unavailable': False, 'install_base': '/home/young/ros2_ws/install/rplidar_ros', 'merge_install': False, 'path': '/home/young/ros2_ws/src/rplidar_ros', 'symlink_install': False, 'test_result_base': None}
[0.339s] Level 5:colcon.colcon_core.verb:set package 'stm32_udp' build argument 'cmake_args' from command line to 'None'
[0.339s] Level 5:colcon.colcon_core.verb:set package 'stm32_udp' build argument 'cmake_target' from command line to 'None'
[0.339s] Level 5:colcon.colcon_core.verb:set package 'stm32_udp' build argument 'cmake_target_skip_unavailable' from command line to 'False'
[0.339s] Level 5:colcon.colcon_core.verb:set package 'stm32_udp' build argument 'cmake_clean_cache' from command line to 'False'
[0.339s] Level 5:colcon.colcon_core.verb:set package 'stm32_udp' build argument 'cmake_clean_first' from command line to 'False'
[0.339s] Level 5:colcon.colcon_core.verb:set package 'stm32_udp' build argument 'cmake_force_configure' from command line to 'False'
[0.339s] Level 5:colcon.colcon_core.verb:set package 'stm32_udp' build argument 'ament_cmake_args' from command line to 'None'
[0.339s] Level 5:colcon.colcon_core.verb:set package 'stm32_udp' build argument 'catkin_cmake_args' from command line to 'None'
[0.339s] Level 5:colcon.colcon_core.verb:set package 'stm32_udp' build argument 'catkin_skip_building_tests' from command line to 'False'
[0.339s] DEBUG:colcon.colcon_core.verb:Building package 'stm32_udp' with the following arguments: {'ament_cmake_args': None, 'build_base': '/home/young/ros2_ws/build/stm32_udp', 'catkin_cmake_args': None, 'catkin_skip_building_tests': False, 'cmake_args': None, 'cmake_clean_cache': False, 'cmake_clean_first': False, 'cmake_force_configure': False, 'cmake_target': None, 'cmake_target_skip_unavailable': False, 'install_base': '/home/young/ros2_ws/install/stm32_udp', 'merge_install': False, 'path': '/home/young/ros2_ws/src/stm32_udp', 'symlink_install': False, 'test_result_base': None}
[0.339s] INFO:colcon.colcon_core.executor:Executing jobs using 'parallel' executor
[0.340s] DEBUG:colcon.colcon_parallel_executor.executor.parallel:run_until_complete
[0.341s] INFO:colcon.colcon_ros.task.ament_cmake.build:Building ROS package in '/home/young/ros2_ws/src/rplidar_ros' with build type 'ament_cmake'
[0.341s] INFO:colcon.colcon_cmake.task.cmake.build:Building CMake package in '/home/young/ros2_ws/src/rplidar_ros'
[0.343s] INFO:colcon.colcon_core.plugin_system:Skipping extension 'colcon_core.shell.bat': Not used on non-Windows systems
[0.344s] INFO:colcon.colcon_core.shell:Skip shell extension 'powershell' for command environment: Not usable outside of PowerShell
[0.344s] DEBUG:colcon.colcon_core.shell:Skip shell extension 'dsv' for command environment
[0.349s] INFO:colcon.colcon_ros.task.ament_cmake.build:Building ROS package in '/home/young/ros2_ws/src/stm32_udp' with build type 'ament_cmake'
[0.350s] INFO:colcon.colcon_cmake.task.cmake.build:Building CMake package in '/home/young/ros2_ws/src/stm32_udp'
[0.350s] INFO:colcon.colcon_core.shell:Skip shell extension 'powershell' for command environment: Not usable outside of PowerShell
[0.350s] DEBUG:colcon.colcon_core.shell:Skip shell extension 'dsv' for command environment
[0.366s] DEBUG:colcon.colcon_core.event_handler.log_command:Invoking command in '/home/young/ros2_ws/build/rplidar_ros': CMAKE_PREFIX_PATH=${CMAKE_PREFIX_PATH}:/opt/ros/kilted DEBUGINFOD_URLS=https://debuginfod.ubuntu.com /usr/bin/cmake --build /home/young/ros2_ws/build/rplidar_ros -- -j4 -l4
[0.378s] DEBUG:colcon.colcon_core.event_handler.log_command:Invoking command in '/home/young/ros2_ws/build/stm32_udp': CMAKE_PREFIX_PATH=${CMAKE_PREFIX_PATH}:/opt/ros/kilted DEBUGINFOD_URLS=https://debuginfod.ubuntu.com /usr/bin/cmake --build /home/young/ros2_ws/build/stm32_udp -- -j4 -l4
[0.700s] DEBUG:colcon.colcon_core.event_handler.log_command:Invoked command in '/home/young/ros2_ws/build/rplidar_ros' returned '0': CMAKE_PREFIX_PATH=${CMAKE_PREFIX_PATH}:/opt/ros/kilted DEBUGINFOD_URLS=https://debuginfod.ubuntu.com /usr/bin/cmake --build /home/young/ros2_ws/build/rplidar_ros -- -j4 -l4
[0.718s] DEBUG:colcon.colcon_core.event_handler.log_command:Invoking command in '/home/young/ros2_ws/build/rplidar_ros': CMAKE_PREFIX_PATH=${CMAKE_PREFIX_PATH}:/opt/ros/kilted DEBUGINFOD_URLS=https://debuginfod.ubuntu.com /usr/bin/cmake --install /home/young/ros2_ws/build/rplidar_ros
[0.807s] Level 1:colcon.colcon_core.environment:create_environment_scripts_only(rplidar_ros)
[0.810s] DEBUG:colcon.colcon_core.event_handler.log_command:Invoked command in '/home/young/ros2_ws/build/rplidar_ros' returned '0': CMAKE_PREFIX_PATH=${CMAKE_PREFIX_PATH}:/opt/ros/kilted DEBUGINFOD_URLS=https://debuginfod.ubuntu.com /usr/bin/cmake --install /home/young/ros2_ws/build/rplidar_ros
[0.812s] Level 1:colcon.colcon_core.environment:checking '/home/young/ros2_ws/install/rplidar_ros' for CMake module files
[0.813s] Level 1:colcon.colcon_core.environment:checking '/home/young/ros2_ws/install/rplidar_ros' for CMake config files
[0.813s] Level 1:colcon.colcon_core.shell:create_environment_hook('rplidar_ros', 'cmake_prefix_path')
[0.814s] INFO:colcon.colcon_core.shell:Creating environment hook '/home/young/ros2_ws/install/rplidar_ros/share/rplidar_ros/hook/cmake_prefix_path.ps1'
[0.815s] INFO:colcon.colcon_core.shell:Creating environment descriptor '/home/young/ros2_ws/install/rplidar_ros/share/rplidar_ros/hook/cmake_prefix_path.dsv'
[0.815s] INFO:colcon.colcon_core.shell:Creating environment hook '/home/young/ros2_ws/install/rplidar_ros/share/rplidar_ros/hook/cmake_prefix_path.sh'
[0.819s] Level 1:colcon.colcon_core.environment:checking '/home/young/ros2_ws/install/rplidar_ros/lib'
[0.821s] Level 1:colcon.colcon_core.environment:checking '/home/young/ros2_ws/install/rplidar_ros/bin'
[0.821s] Level 1:colcon.colcon_core.environment:checking '/home/young/ros2_ws/install/rplidar_ros/lib/pkgconfig/rplidar_ros.pc'
[0.821s] Level 1:colcon.colcon_core.environment:checking '/home/young/ros2_ws/install/rplidar_ros/lib/python3.12/site-packages'
[0.822s] Level 1:colcon.colcon_core.environment:checking '/home/young/ros2_ws/install/rplidar_ros/bin'
[0.823s] INFO:colcon.colcon_core.shell:Creating package script '/home/young/ros2_ws/install/rplidar_ros/share/rplidar_ros/package.ps1'
[0.825s] INFO:colcon.colcon_core.shell:Creating package descriptor '/home/young/ros2_ws/install/rplidar_ros/share/rplidar_ros/package.dsv'
[0.826s] INFO:colcon.colcon_core.shell:Creating package script '/home/young/ros2_ws/install/rplidar_ros/share/rplidar_ros/package.sh'
[0.827s] INFO:colcon.colcon_core.shell:Creating package script '/home/young/ros2_ws/install/rplidar_ros/share/rplidar_ros/package.bash'
[0.828s] INFO:colcon.colcon_core.shell:Creating package script '/home/young/ros2_ws/install/rplidar_ros/share/rplidar_ros/package.zsh'
[0.829s] Level 1:colcon.colcon_core.environment:create_file_with_runtime_dependencies(/home/young/ros2_ws/install/rplidar_ros/share/colcon-core/packages/rplidar_ros)
[0.831s] Level 1:colcon.colcon_core.environment:create_environment_scripts_only(rplidar_ros)
[0.831s] Level 1:colcon.colcon_core.environment:checking '/home/young/ros2_ws/install/rplidar_ros' for CMake module files
[0.832s] Level 1:colcon.colcon_core.environment:checking '/home/young/ros2_ws/install/rplidar_ros' for CMake config files
[0.833s] Level 1:colcon.colcon_core.shell:create_environment_hook('rplidar_ros', 'cmake_prefix_path')
[0.834s] INFO:colcon.colcon_core.shell:Creating environment hook '/home/young/ros2_ws/install/rplidar_ros/share/rplidar_ros/hook/cmake_prefix_path.ps1'
[0.835s] INFO:colcon.colcon_core.shell:Creating environment descriptor '/home/young/ros2_ws/install/rplidar_ros/share/rplidar_ros/hook/cmake_prefix_path.dsv'
[0.835s] INFO:colcon.colcon_core.shell:Creating environment hook '/home/young/ros2_ws/install/rplidar_ros/share/rplidar_ros/hook/cmake_prefix_path.sh'
[0.839s] Level 1:colcon.colcon_core.environment:checking '/home/young/ros2_ws/install/rplidar_ros/lib'
[0.840s] Level 1:colcon.colcon_core.environment:checking '/home/young/ros2_ws/install/rplidar_ros/bin'
[0.840s] Level 1:colcon.colcon_core.environment:checking '/home/young/ros2_ws/install/rplidar_ros/lib/pkgconfig/rplidar_ros.pc'
[0.841s] Level 1:colcon.colcon_core.environment:checking '/home/young/ros2_ws/install/rplidar_ros/lib/python3.12/site-packages'
[0.841s] Level 1:colcon.colcon_core.environment:checking '/home/young/ros2_ws/install/rplidar_ros/bin'
[0.845s] INFO:colcon.colcon_core.shell:Creating package script '/home/young/ros2_ws/install/rplidar_ros/share/rplidar_ros/package.ps1'
[0.849s] INFO:colcon.colcon_core.shell:Creating package descriptor '/home/young/ros2_ws/install/rplidar_ros/share/rplidar_ros/package.dsv'
[0.850s] INFO:colcon.colcon_core.shell:Creating package script '/home/young/ros2_ws/install/rplidar_ros/share/rplidar_ros/package.sh'
[0.854s] INFO:colcon.colcon_core.shell:Creating package script '/home/young/ros2_ws/install/rplidar_ros/share/rplidar_ros/package.bash'
[0.856s] INFO:colcon.colcon_core.shell:Creating package script '/home/young/ros2_ws/install/rplidar_ros/share/rplidar_ros/package.zsh'
[0.858s] Level 1:colcon.colcon_core.environment:create_file_with_runtime_dependencies(/home/young/ros2_ws/install/rplidar_ros/share/colcon-core/packages/rplidar_ros)
[10.241s] DEBUG:colcon.colcon_core.event_handler.log_command:Invoked command in '/home/young/ros2_ws/build/stm32_udp' returned '0': CMAKE_PREFIX_PATH=${CMAKE_PREFIX_PATH}:/opt/ros/kilted DEBUGINFOD_URLS=https://debuginfod.ubuntu.com /usr/bin/cmake --build /home/young/ros2_ws/build/stm32_udp -- -j4 -l4
[10.242s] DEBUG:colcon.colcon_core.event_handler.log_command:Invoking command in '/home/young/ros2_ws/build/stm32_udp': CMAKE_PREFIX_PATH=${CMAKE_PREFIX_PATH}:/opt/ros/kilted DEBUGINFOD_URLS=https://debuginfod.ubuntu.com /usr/bin/cmake --install /home/young/ros2_ws/build/stm32_udp
[10.268s] Level 1:colcon.colcon_core.environment:create_environment_scripts_only(stm32_udp)
[10.269s] Level 1:colcon.colcon_core.environment:checking '/home/young/ros2_ws/install/stm32_udp' for CMake module files
[10.271s] Level 1:colcon.colcon_core.environment:checking '/home/young/ros2_ws/install/stm32_udp' for CMake config files
[10.272s] Level 1:colcon.colcon_core.shell:create_environment_hook('stm32_udp', 'cmake_prefix_path')
[10.272s] INFO:colcon.colcon_core.shell:Creating environment hook '/home/young/ros2_ws/install/stm32_udp/share/stm32_udp/hook/cmake_prefix_path.ps1'
[10.273s] INFO:colcon.colcon_core.shell:Creating environment descriptor '/home/young/ros2_ws/install/stm32_udp/share/stm32_udp/hook/cmake_prefix_path.dsv'
[10.273s] DEBUG:colcon.colcon_core.event_handler.log_command:Invoked command in '/home/young/ros2_ws/build/stm32_udp' returned '0': CMAKE_PREFIX_PATH=${CMAKE_PREFIX_PATH}:/opt/ros/kilted DEBUGINFOD_URLS=https://debuginfod.ubuntu.com /usr/bin/cmake --install /home/young/ros2_ws/build/stm32_udp
[10.276s] INFO:colcon.colcon_core.shell:Creating environment hook '/home/young/ros2_ws/install/stm32_udp/share/stm32_udp/hook/cmake_prefix_path.sh'
[10.277s] Level 1:colcon.colcon_core.environment:checking '/home/young/ros2_ws/install/stm32_udp/lib'
[10.277s] Level 1:colcon.colcon_core.environment:checking '/home/young/ros2_ws/install/stm32_udp/bin'
[10.277s] Level 1:colcon.colcon_core.environment:checking '/home/young/ros2_ws/install/stm32_udp/lib/pkgconfig/stm32_udp.pc'
[10.277s] Level 1:colcon.colcon_core.environment:checking '/home/young/ros2_ws/install/stm32_udp/lib/python3.12/site-packages'
[10.278s] Level 1:colcon.colcon_core.environment:checking '/home/young/ros2_ws/install/stm32_udp/bin'
[10.279s] INFO:colcon.colcon_core.shell:Creating package script '/home/young/ros2_ws/install/stm32_udp/share/stm32_udp/package.ps1'
[10.279s] INFO:colcon.colcon_core.shell:Creating package descriptor '/home/young/ros2_ws/install/stm32_udp/share/stm32_udp/package.dsv'
[10.280s] INFO:colcon.colcon_core.shell:Creating package script '/home/young/ros2_ws/install/stm32_udp/share/stm32_udp/package.sh'
[10.281s] INFO:colcon.colcon_core.shell:Creating package script '/home/young/ros2_ws/install/stm32_udp/share/stm32_udp/package.bash'
[10.282s] INFO:colcon.colcon_core.shell:Creating package script '/home/young/ros2_ws/install/stm32_udp/share/stm32_udp/package.zsh'
[10.283s] Level 1:colcon.colcon_core.environment:create_file_with_runtime_dependencies(/home/young/ros2_ws/install/stm32_udp/share/colcon-core/packages/stm32_udp)
[10.284s] Level 1:colcon.colcon_core.environment:create_environment_scripts_only(stm32_udp)
[10.284s] Level 1:colcon.colcon_core.environment:checking '/home/young/ros2_ws/install/stm32_udp' for CMake module files
[10.285s] Level 1:colcon.colcon_core.environment:checking '/home/young/ros2_ws/install/stm32_udp' for CMake config files
[10.285s] Level 1:colcon.colcon_core.shell:create_environment_hook('stm32_udp', 'cmake_prefix_path')
[10.285s] INFO:colcon.colcon_core.shell:Creating environment hook '/home/young/ros2_ws/install/stm32_udp/share/stm32_udp/hook/cmake_prefix_path.ps1'
[10.286s] INFO:colcon.colcon_core.shell:Creating environment descriptor '/home/young/ros2_ws/install/stm32_udp/share/stm32_udp/hook/cmake_prefix_path.dsv'
[10.287s] INFO:colcon.colcon_core.shell:Creating environment hook '/home/young/ros2_ws/install/stm32_udp/share/stm32_udp/hook/cmake_prefix_path.sh'
[10.288s] Level 1:colcon.colcon_core.environment:checking '/home/young/ros2_ws/install/stm32_udp/lib'
[10.288s] Level 1:colcon.colcon_core.environment:checking '/home/young/ros2_ws/install/stm32_udp/bin'
[10.289s] Level 1:colcon.colcon_core.environment:checking '/home/young/ros2_ws/install/stm32_udp/lib/pkgconfig/stm32_udp.pc'
[10.289s] Level 1:colcon.colcon_core.environment:checking '/home/young/ros2_ws/install/stm32_udp/lib/python3.12/site-packages'
[10.289s] Level 1:colcon.colcon_core.environment:checking '/home/young/ros2_ws/install/stm32_udp/bin'
[10.290s] INFO:colcon.colcon_core.shell:Creating package script '/home/young/ros2_ws/install/stm32_udp/share/stm32_udp/package.ps1'
[10.291s] INFO:colcon.colcon_core.shell:Creating package descriptor '/home/young/ros2_ws/install/stm32_udp/share/stm32_udp/package.dsv'
[10.292s] INFO:colcon.colcon_core.shell:Creating package script '/home/young/ros2_ws/install/stm32_udp/share/stm32_udp/package.sh'
[10.293s] INFO:colcon.colcon_core.shell:Creating package script '/home/young/ros2_ws/install/stm32_udp/share/stm32_udp/package.bash'
[10.294s] INFO:colcon.colcon_core.shell:Creating package script '/home/young/ros2_ws/install/stm32_udp/share/stm32_udp/package.zsh'
[10.295s] Level 1:colcon.colcon_core.environment:create_file_with_runtime_dependencies(/home/young/ros2_ws/install/stm32_udp/share/colcon-core/packages/stm32_udp)
[10.296s] DEBUG:colcon.colcon_parallel_executor.executor.parallel:closing loop
[10.296s] DEBUG:colcon.colcon_parallel_executor.executor.parallel:loop closed
[10.296s] DEBUG:colcon.colcon_parallel_executor.executor.parallel:run_until_complete finished with '0'
[10.296s] DEBUG:colcon.colcon_core.event_reactor:joining thread
[10.310s] INFO:colcon.colcon_core.plugin_system:Skipping extension 'colcon_notification.desktop_notification.terminal_notifier': Not used on non-Darwin systems
[10.311s] INFO:colcon.colcon_core.plugin_system:Skipping extension 'colcon_notification.desktop_notification.win32': Not used on non-Windows systems
[10.311s] INFO:colcon.colcon_notification.desktop_notification:Sending desktop notification using 'notify2'
[10.354s] DEBUG:colcon.colcon_core.event_reactor:joined thread
[10.356s] INFO:colcon.colcon_core.shell:Creating prefix script '/home/young/ros2_ws/install/local_setup.ps1'
[10.362s] INFO:colcon.colcon_core.shell:Creating prefix util module '/home/young/ros2_ws/install/_local_setup_util_ps1.py'
[10.370s] INFO:colcon.colcon_core.shell:Creating prefix chain script '/home/young/ros2_ws/install/setup.ps1'
[10.372s] INFO:colcon.colcon_core.shell:Creating prefix script '/home/young/ros2_ws/install/local_setup.sh'
[10.372s] INFO:colcon.colcon_core.shell:Creating prefix util module '/home/young/ros2_ws/install/_local_setup_util_sh.py'
[10.373s] INFO:colcon.colcon_core.shell:Creating prefix chain script '/home/young/ros2_ws/install/setup.sh'
[10.375s] INFO:colcon.colcon_core.shell:Creating prefix script '/home/young/ros2_ws/install/local_setup.bash'
[10.376s] INFO:colcon.colcon_core.shell:Creating prefix chain script '/home/young/ros2_ws/install/setup.bash'
[10.377s] INFO:colcon.colcon_core.shell:Creating prefix script '/home/young/ros2_ws/install/local_setup.zsh'
[10.377s] INFO:colcon.colcon_core.shell:Creating prefix chain script '/home/young/ros2_ws/install/setup.zsh'
