[0.015s] Invoking command in '/home/young/ros2_ws/build/stm32_udp': CMAKE_PREFIX_PATH=${CMAKE_PREFIX_PATH}:/opt/ros/kilted DEBUGINFOD_URLS=https://debuginfod.ubuntu.com /usr/bin/cmake --build /home/young/ros2_ws/build/stm32_udp -- -j4 -l4
[0.061s] -- Found ament_cmake: 2.7.3 (/opt/ros/kilted/share/ament_cmake/cmake)
[0.487s] -- Found rclcpp: 29.5.5 (/opt/ros/kilted/share/rclcpp/cmake)
[0.549s] -- Found rosidl_generator_c: 4.9.5 (/opt/ros/kilted/share/rosidl_generator_c/cmake)
[0.568s] -- Found rosidl_generator_cpp: 4.9.5 (/opt/ros/kilted/share/rosidl_generator_cpp/cmake)
[0.592s] -- Using all available rosidl_typesupport_c: rosidl_typesupport_fastrtps_c;rosidl_typesupport_introspection_c
[0.620s] -- Using all available rosidl_typesupport_cpp: rosidl_typesupport_fastrtps_cpp;rosidl_typesupport_introspection_cpp
[0.750s] -- Found rmw_implementation_cmake: 7.8.2 (/opt/ros/kilted/share/rmw_implementation_cmake/cmake)
[0.753s] -- Found rmw_fastrtps_cpp: 9.3.3 (/opt/ros/kilted/share/rmw_fastrtps_cpp/cmake)
[0.825s] -- Using RMW implementation 'rmw_fastrtps_cpp' as default
[0.958s] -- Found std_msgs: 5.5.1 (/opt/ros/kilted/share/std_msgs/cmake)
[0.981s] -- Found nav_msgs: 5.5.1 (/opt/ros/kilted/share/nav_msgs/cmake)
[1.062s] -- Found tf2_ros: 0.41.5 (/opt/ros/kilted/share/tf2_ros/cmake)
[1.356s] -- Found ament_lint_auto: 0.19.2 (/opt/ros/kilted/share/ament_lint_auto/cmake)
[1.502s] [0mCMake Deprecation Warning at /opt/ros/kilted/share/ament_cmake_target_dependencies/cmake/ament_target_dependencies.cmake:87 (message):
[1.502s]   ament_target_dependencies() is deprecated.  Use target_link_libraries()
[1.502s]   with modern CMake targets instead.  Try replacing this call with:
[1.502s] 
[1.502s]     target_link_libraries(stm32_udp_odom PUBLIC
[1.502s]       ${geometry_msgs_TARGETS}
[1.502s]       ${nav_msgs_TARGETS}
[1.502s]       rclcpp::rclcpp
[1.502s]     )
[1.503s] 
[1.503s] Call Stack (most recent call first):
[1.503s]   CMakeLists.txt:29 (ament_target_dependencies)
[1.503s] 
[1.503s] [0m
[1.517s] -- Added test 'cppcheck' to perform static code analysis on C / C++ code
[1.517s] -- Configured cppcheck include dirs: 
[1.517s] -- Configured cppcheck exclude dirs and/or files: 
[1.521s] -- Added test 'lint_cmake' to check CMake code style
[1.525s] -- Added test 'uncrustify' to check C / C++ code style
[1.525s] -- Configured uncrustify additional arguments: 
[1.528s] -- Added test 'xmllint' to check XML markup files
[1.529s] -- Configuring done (1.5s)
[1.562s] -- Generating done (0.0s)
[1.568s] -- Build files have been written to: /home/young/ros2_ws/build/stm32_udp
[1.639s] [ 50%] [32mBuilding CXX object CMakeFiles/stm32_udp_odom.dir/src/stm32_udp_odom.cpp.o[0m
[1.922s] [01m[K/home/young/ros2_ws/src/stm32_udp/src/stm32_udp_odom.cpp:4:10:[m[K [01;31m[Kfatal error: [m[Ktf2/LinearMath/Quaternion.h: 没有那个文件或目录
[1.922s]     4 | #include [01;31m[K<tf2/LinearMath/Quaternion.h>[m[K
[1.922s]       |          [01;31m[K^~~~~~~~~~~~~~~~~~~~~~~~~~~~~[m[K
[1.923s] compilation terminated.
[1.928s] gmake[2]: *** [CMakeFiles/stm32_udp_odom.dir/build.make:76：CMakeFiles/stm32_udp_odom.dir/src/stm32_udp_odom.cpp.o] 错误 1
[1.928s] gmake[1]: *** [CMakeFiles/Makefile2:137：CMakeFiles/stm32_udp_odom.dir/all] 错误 2
[1.928s] gmake: *** [Makefile:146：all] 错误 2
[1.929s] Invoked command in '/home/young/ros2_ws/build/stm32_udp' returned '2': CMAKE_PREFIX_PATH=${CMAKE_PREFIX_PATH}:/opt/ros/kilted DEBUGINFOD_URLS=https://debuginfod.ubuntu.com /usr/bin/cmake --build /home/young/ros2_ws/build/stm32_udp -- -j4 -l4
